This is pdfTeX, Version 3.14159265-2.6-1.40.16 (TeX Live 2015/Debian) (preloaded format=pdflatex 2016.10.8)  1 NOV 2016 00:19
entering extended mode
 restricted \write18 enabled.
 %&-line parsing enabled.
**cv-oday-darwich-fr.tex
(./cv-oday-darwich-fr.tex
LaTeX2e <2016/02/01>
Babel <3.9q> and hyphenation patterns for 81 language(s) loaded.
(/usr/share/texlive/texmf-dist/tex/latex/base/article.cls
Document Class: article 2014/09/29 v1.4h Standard LaTeX document class
(/usr/share/texlive/texmf-dist/tex/latex/base/size12.clo
File: size12.clo 2014/09/29 v1.4h Standard LaTeX file (size option)
)
\c@part=\count79
\c@section=\count80
\c@subsection=\count81
\c@subsubsection=\count82
\c@paragraph=\count83
\c@subparagraph=\count84
\c@figure=\count85
\c@table=\count86
\abovecaptionskip=\skip41
\belowcaptionskip=\skip42
\bibindent=\dimen102
)
\@input{packages.aux}
\openout2 = `packages.aux'.

(./packages.tex (/usr/share/texlive/texmf-dist/tex/latex/base/inputenc.sty
Package: inputenc 2015/03/17 v1.2c Input encoding file
\inpenc@prehook=\toks14
\inpenc@posthook=\toks15

(/usr/share/texlive/texmf-dist/tex/latex/base/utf8.def
File: utf8.def 2015/12/03 v1.1r UTF-8 support for inputenc
Now handling font encoding OML ...
... no UTF-8 mapping file for font encoding OML
Now handling font encoding T1 ...
... processing UTF-8 mapping file for font encoding T1

(/usr/share/texlive/texmf-dist/tex/latex/base/t1enc.dfu
File: t1enc.dfu 2015/12/03 v1.1r UTF-8 support for inputenc
   defining Unicode char U+00A0 (decimal 160)
   defining Unicode char U+00A1 (decimal 161)
   defining Unicode char U+00A3 (decimal 163)
   defining Unicode char U+00AB (decimal 171)
   defining Unicode char U+00AD (decimal 173)
   defining Unicode char U+00BB (decimal 187)
   defining Unicode char U+00BF (decimal 191)
   defining Unicode char U+00C0 (decimal 192)
   defining Unicode char U+00C1 (decimal 193)
   defining Unicode char U+00C2 (decimal 194)
   defining Unicode char U+00C3 (decimal 195)
   defining Unicode char U+00C4 (decimal 196)
   defining Unicode char U+00C5 (decimal 197)
   defining Unicode char U+00C6 (decimal 198)
   defining Unicode char U+00C7 (decimal 199)
   defining Unicode char U+00C8 (decimal 200)
   defining Unicode char U+00C9 (decimal 201)
   defining Unicode char U+00CA (decimal 202)
   defining Unicode char U+00CB (decimal 203)
   defining Unicode char U+00CC (decimal 204)
   defining Unicode char U+00CD (decimal 205)
   defining Unicode char U+00CE (decimal 206)
   defining Unicode char U+00CF (decimal 207)
   defining Unicode char U+00D0 (decimal 208)
   defining Unicode char U+00D1 (decimal 209)
   defining Unicode char U+00D2 (decimal 210)
   defining Unicode char U+00D3 (decimal 211)
   defining Unicode char U+00D4 (decimal 212)
   defining Unicode char U+00D5 (decimal 213)
   defining Unicode char U+00D6 (decimal 214)
   defining Unicode char U+00D8 (decimal 216)
   defining Unicode char U+00D9 (decimal 217)
   defining Unicode char U+00DA (decimal 218)
   defining Unicode char U+00DB (decimal 219)
   defining Unicode char U+00DC (decimal 220)
   defining Unicode char U+00DD (decimal 221)
   defining Unicode char U+00DE (decimal 222)
   defining Unicode char U+00DF (decimal 223)
   defining Unicode char U+00E0 (decimal 224)
   defining Unicode char U+00E1 (decimal 225)
   defining Unicode char U+00E2 (decimal 226)
   defining Unicode char U+00E3 (decimal 227)
   defining Unicode char U+00E4 (decimal 228)
   defining Unicode char U+00E5 (decimal 229)
   defining Unicode char U+00E6 (decimal 230)
   defining Unicode char U+00E7 (decimal 231)
   defining Unicode char U+00E8 (decimal 232)
   defining Unicode char U+00E9 (decimal 233)
   defining Unicode char U+00EA (decimal 234)
   defining Unicode char U+00EB (decimal 235)
   defining Unicode char U+00EC (decimal 236)
   defining Unicode char U+00ED (decimal 237)
   defining Unicode char U+00EE (decimal 238)
   defining Unicode char U+00EF (decimal 239)
   defining Unicode char U+00F0 (decimal 240)
   defining Unicode char U+00F1 (decimal 241)
   defining Unicode char U+00F2 (decimal 242)
   defining Unicode char U+00F3 (decimal 243)
   defining Unicode char U+00F4 (decimal 244)
   defining Unicode char U+00F5 (decimal 245)
   defining Unicode char U+00F6 (decimal 246)
   defining Unicode char U+00F8 (decimal 248)
   defining Unicode char U+00F9 (decimal 249)
   defining Unicode char U+00FA (decimal 250)
   defining Unicode char U+00FB (decimal 251)
   defining Unicode char U+00FC (decimal 252)
   defining Unicode char U+00FD (decimal 253)
   defining Unicode char U+00FE (decimal 254)
   defining Unicode char U+00FF (decimal 255)
   defining Unicode char U+0100 (decimal 256)
   defining Unicode char U+0101 (decimal 257)
   defining Unicode char U+0102 (decimal 258)
   defining Unicode char U+0103 (decimal 259)
   defining Unicode char U+0104 (decimal 260)
   defining Unicode char U+0105 (decimal 261)
   defining Unicode char U+0106 (decimal 262)
   defining Unicode char U+0107 (decimal 263)
   defining Unicode char U+0108 (decimal 264)
   defining Unicode char U+0109 (decimal 265)
   defining Unicode char U+010A (decimal 266)
   defining Unicode char U+010B (decimal 267)
   defining Unicode char U+010C (decimal 268)
   defining Unicode char U+010D (decimal 269)
   defining Unicode char U+010E (decimal 270)
   defining Unicode char U+010F (decimal 271)
   defining Unicode char U+0110 (decimal 272)
   defining Unicode char U+0111 (decimal 273)
   defining Unicode char U+0112 (decimal 274)
   defining Unicode char U+0113 (decimal 275)
   defining Unicode char U+0114 (decimal 276)
   defining Unicode char U+0115 (decimal 277)
   defining Unicode char U+0116 (decimal 278)
   defining Unicode char U+0117 (decimal 279)
   defining Unicode char U+0118 (decimal 280)
   defining Unicode char U+0119 (decimal 281)
   defining Unicode char U+011A (decimal 282)
   defining Unicode char U+011B (decimal 283)
   defining Unicode char U+011C (decimal 284)
   defining Unicode char U+011D (decimal 285)
   defining Unicode char U+011E (decimal 286)
   defining Unicode char U+011F (decimal 287)
   defining Unicode char U+0120 (decimal 288)
   defining Unicode char U+0121 (decimal 289)
   defining Unicode char U+0122 (decimal 290)
   defining Unicode char U+0123 (decimal 291)
   defining Unicode char U+0124 (decimal 292)
   defining Unicode char U+0125 (decimal 293)
   defining Unicode char U+0128 (decimal 296)
   defining Unicode char U+0129 (decimal 297)
   defining Unicode char U+012A (decimal 298)
   defining Unicode char U+012B (decimal 299)
   defining Unicode char U+012C (decimal 300)
   defining Unicode char U+012D (decimal 301)
   defining Unicode char U+012E (decimal 302)
   defining Unicode char U+012F (decimal 303)
   defining Unicode char U+0130 (decimal 304)
   defining Unicode char U+0131 (decimal 305)
   defining Unicode char U+0132 (decimal 306)
   defining Unicode char U+0133 (decimal 307)
   defining Unicode char U+0134 (decimal 308)
   defining Unicode char U+0135 (decimal 309)
   defining Unicode char U+0136 (decimal 310)
   defining Unicode char U+0137 (decimal 311)
   defining Unicode char U+0139 (decimal 313)
   defining Unicode char U+013A (decimal 314)
   defining Unicode char U+013B (decimal 315)
   defining Unicode char U+013C (decimal 316)
   defining Unicode char U+013D (decimal 317)
   defining Unicode char U+013E (decimal 318)
   defining Unicode char U+0141 (decimal 321)
   defining Unicode char U+0142 (decimal 322)
   defining Unicode char U+0143 (decimal 323)
   defining Unicode char U+0144 (decimal 324)
   defining Unicode char U+0145 (decimal 325)
   defining Unicode char U+0146 (decimal 326)
   defining Unicode char U+0147 (decimal 327)
   defining Unicode char U+0148 (decimal 328)
   defining Unicode char U+014A (decimal 330)
   defining Unicode char U+014B (decimal 331)
   defining Unicode char U+014C (decimal 332)
   defining Unicode char U+014D (decimal 333)
   defining Unicode char U+014E (decimal 334)
   defining Unicode char U+014F (decimal 335)
   defining Unicode char U+0150 (decimal 336)
   defining Unicode char U+0151 (decimal 337)
   defining Unicode char U+0152 (decimal 338)
   defining Unicode char U+0153 (decimal 339)
   defining Unicode char U+0154 (decimal 340)
   defining Unicode char U+0155 (decimal 341)
   defining Unicode char U+0156 (decimal 342)
   defining Unicode char U+0157 (decimal 343)
   defining Unicode char U+0158 (decimal 344)
   defining Unicode char U+0159 (decimal 345)
   defining Unicode char U+015A (decimal 346)
   defining Unicode char U+015B (decimal 347)
   defining Unicode char U+015C (decimal 348)
   defining Unicode char U+015D (decimal 349)
   defining Unicode char U+015E (decimal 350)
   defining Unicode char U+015F (decimal 351)
   defining Unicode char U+0160 (decimal 352)
   defining Unicode char U+0161 (decimal 353)
   defining Unicode char U+0162 (decimal 354)
   defining Unicode char U+0163 (decimal 355)
   defining Unicode char U+0164 (decimal 356)
   defining Unicode char U+0165 (decimal 357)
   defining Unicode char U+0168 (decimal 360)
   defining Unicode char U+0169 (decimal 361)
   defining Unicode char U+016A (decimal 362)
   defining Unicode char U+016B (decimal 363)
   defining Unicode char U+016C (decimal 364)
   defining Unicode char U+016D (decimal 365)
   defining Unicode char U+016E (decimal 366)
   defining Unicode char U+016F (decimal 367)
   defining Unicode char U+0170 (decimal 368)
   defining Unicode char U+0171 (decimal 369)
   defining Unicode char U+0172 (decimal 370)
   defining Unicode char U+0173 (decimal 371)
   defining Unicode char U+0174 (decimal 372)
   defining Unicode char U+0175 (decimal 373)
   defining Unicode char U+0176 (decimal 374)
   defining Unicode char U+0177 (decimal 375)
   defining Unicode char U+0178 (decimal 376)
   defining Unicode char U+0179 (decimal 377)
   defining Unicode char U+017A (decimal 378)
   defining Unicode char U+017B (decimal 379)
   defining Unicode char U+017C (decimal 380)
   defining Unicode char U+017D (decimal 381)
   defining Unicode char U+017E (decimal 382)
   defining Unicode char U+01CD (decimal 461)
   defining Unicode char U+01CE (decimal 462)
   defining Unicode char U+01CF (decimal 463)
   defining Unicode char U+01D0 (decimal 464)
   defining Unicode char U+01D1 (decimal 465)
   defining Unicode char U+01D2 (decimal 466)
   defining Unicode char U+01D3 (decimal 467)
   defining Unicode char U+01D4 (decimal 468)
   defining Unicode char U+01E2 (decimal 482)
   defining Unicode char U+01E3 (decimal 483)
   defining Unicode char U+01E6 (decimal 486)
   defining Unicode char U+01E7 (decimal 487)
   defining Unicode char U+01E8 (decimal 488)
   defining Unicode char U+01E9 (decimal 489)
   defining Unicode char U+01EA (decimal 490)
   defining Unicode char U+01EB (decimal 491)
   defining Unicode char U+01F0 (decimal 496)
   defining Unicode char U+01F4 (decimal 500)
   defining Unicode char U+01F5 (decimal 501)
   defining Unicode char U+0218 (decimal 536)
   defining Unicode char U+0219 (decimal 537)
   defining Unicode char U+021A (decimal 538)
   defining Unicode char U+021B (decimal 539)
   defining Unicode char U+01E02 (decimal 7682)
   defining Unicode char U+01E03 (decimal 7683)
   defining Unicode char U+200C (decimal 8204)
   defining Unicode char U+2013 (decimal 8211)
   defining Unicode char U+2014 (decimal 8212)
   defining Unicode char U+2018 (decimal 8216)
   defining Unicode char U+2019 (decimal 8217)
   defining Unicode char U+201A (decimal 8218)
   defining Unicode char U+201C (decimal 8220)
   defining Unicode char U+201D (decimal 8221)
   defining Unicode char U+201E (decimal 8222)
   defining Unicode char U+2030 (decimal 8240)
   defining Unicode char U+2031 (decimal 8241)
   defining Unicode char U+2039 (decimal 8249)
   defining Unicode char U+203A (decimal 8250)
   defining Unicode char U+2423 (decimal 9251)
)
Now handling font encoding OT1 ...
... processing UTF-8 mapping file for font encoding OT1

(/usr/share/texlive/texmf-dist/tex/latex/base/ot1enc.dfu
File: ot1enc.dfu 2015/12/03 v1.1r UTF-8 support for inputenc
   defining Unicode char U+00A0 (decimal 160)
   defining Unicode char U+00A1 (decimal 161)
   defining Unicode char U+00A3 (decimal 163)
   defining Unicode char U+00AD (decimal 173)
   defining Unicode char U+00B8 (decimal 184)
   defining Unicode char U+00BF (decimal 191)
   defining Unicode char U+00C5 (decimal 197)
   defining Unicode char U+00C6 (decimal 198)
   defining Unicode char U+00D8 (decimal 216)
   defining Unicode char U+00DF (decimal 223)
   defining Unicode char U+00E6 (decimal 230)
   defining Unicode char U+00EC (decimal 236)
   defining Unicode char U+00ED (decimal 237)
   defining Unicode char U+00EE (decimal 238)
   defining Unicode char U+00EF (decimal 239)
   defining Unicode char U+00F8 (decimal 248)
   defining Unicode char U+0131 (decimal 305)
   defining Unicode char U+0141 (decimal 321)
   defining Unicode char U+0142 (decimal 322)
   defining Unicode char U+0152 (decimal 338)
   defining Unicode char U+0153 (decimal 339)
   defining Unicode char U+0174 (decimal 372)
   defining Unicode char U+0175 (decimal 373)
   defining Unicode char U+0176 (decimal 374)
   defining Unicode char U+0177 (decimal 375)
   defining Unicode char U+0218 (decimal 536)
   defining Unicode char U+0219 (decimal 537)
   defining Unicode char U+021A (decimal 538)
   defining Unicode char U+021B (decimal 539)
   defining Unicode char U+2013 (decimal 8211)
   defining Unicode char U+2014 (decimal 8212)
   defining Unicode char U+2018 (decimal 8216)
   defining Unicode char U+2019 (decimal 8217)
   defining Unicode char U+201C (decimal 8220)
   defining Unicode char U+201D (decimal 8221)
)
Now handling font encoding OMS ...
... processing UTF-8 mapping file for font encoding OMS

(/usr/share/texlive/texmf-dist/tex/latex/base/omsenc.dfu
File: omsenc.dfu 2015/12/03 v1.1r UTF-8 support for inputenc
   defining Unicode char U+00A7 (decimal 167)
   defining Unicode char U+00B6 (decimal 182)
   defining Unicode char U+00B7 (decimal 183)
   defining Unicode char U+2020 (decimal 8224)
   defining Unicode char U+2021 (decimal 8225)
   defining Unicode char U+2022 (decimal 8226)
)
Now handling font encoding OMX ...
... no UTF-8 mapping file for font encoding OMX
Now handling font encoding U ...
... no UTF-8 mapping file for font encoding U
   defining Unicode char U+00A9 (decimal 169)
   defining Unicode char U+00AA (decimal 170)
   defining Unicode char U+00AE (decimal 174)
   defining Unicode char U+00BA (decimal 186)
   defining Unicode char U+02C6 (decimal 710)
   defining Unicode char U+02DC (decimal 732)
   defining Unicode char U+200C (decimal 8204)
   defining Unicode char U+2026 (decimal 8230)
   defining Unicode char U+2122 (decimal 8482)
   defining Unicode char U+2423 (decimal 9251)
))
(/usr/share/texlive/texmf-dist/tex/latex/base/fontenc.sty
Package: fontenc 2005/09/27 v1.99g Standard LaTeX package

(/usr/share/texlive/texmf-dist/tex/latex/base/t1enc.def
File: t1enc.def 2005/09/27 v1.99g Standard LaTeX file
LaTeX Font Info:    Redeclaring font encoding T1 on input line 48.
))
(/usr/share/texlive/texmf-dist/tex/latex/graphics/color.sty
Package: color 2016/01/03 v1.1b Standard LaTeX Color (DPC)

(/usr/share/texlive/texmf-dist/tex/latex/latexconfig/color.cfg
File: color.cfg 2007/01/18 v1.5 color configuration of teTeX/TeXLive
)
Package color Info: Driver file: pdftex.def on input line 143.

(/usr/share/texlive/texmf-dist/tex/latex/pdftex-def/pdftex.def
File: pdftex.def 2011/05/27 v0.06d Graphics/color for pdfTeX

(/usr/share/texlive/texmf-dist/tex/generic/oberdiek/infwarerr.sty
Package: infwarerr 2010/04/08 v1.3 Providing info/warning/error messages (HO)
)
(/usr/share/texlive/texmf-dist/tex/generic/oberdiek/ltxcmds.sty
Package: ltxcmds 2011/11/09 v1.22 LaTeX kernel commands for general use (HO)
)
\Gread@gobject=\count87
))
(/usr/share/texlive/texmf-dist/tex/latex/colortbl/colortbl.sty
Package: colortbl 2012/02/13 v1.0a Color table columns (DPC)

(/usr/share/texlive/texmf-dist/tex/latex/tools/array.sty
Package: array 2014/10/28 v2.4c Tabular extension package (FMi)
\col@sep=\dimen103
\extrarowheight=\dimen104
\NC@list=\toks16
\extratabsurround=\skip43
\backup@length=\skip44
)
\everycr=\toks17
\minrowclearance=\skip45
)
(/usr/share/texlive/texmf-dist/tex/latex/wrapfig/wrapfig.sty
\wrapoverhang=\dimen105
\WF@size=\dimen106
\c@WF@wrappedlines=\count88
\WF@box=\box26
\WF@everypar=\toks18
Package: wrapfig 2003/01/31  v 3.6
)
(/usr/share/texlive/texmf-dist/tex/latex/lipsum/lipsum.sty
Package: lipsum 2014/07/27 v1.3 150 paragraphs of Lorem Ipsum dummy text
\c@lips@count=\count89
)
(/usr/share/texlive/texmf-dist/tex/latex/geometry/geometry.sty
Package: geometry 2010/09/12 v5.6 Page Geometry

(/usr/share/texlive/texmf-dist/tex/latex/graphics/keyval.sty
Package: keyval 2014/10/28 v1.15 key=value parser (DPC)
\KV@toks@=\toks19
)
(/usr/share/texlive/texmf-dist/tex/generic/oberdiek/ifpdf.sty
Package: ifpdf 2011/01/30 v2.3 Provides the ifpdf switch (HO)
Package ifpdf Info: pdfTeX in PDF mode is detected.
)
(/usr/share/texlive/texmf-dist/tex/generic/oberdiek/ifvtex.sty
Package: ifvtex 2010/03/01 v1.5 Detect VTeX and its facilities (HO)
Package ifvtex Info: VTeX not detected.
)
(/usr/share/texlive/texmf-dist/tex/generic/ifxetex/ifxetex.sty
Package: ifxetex 2010/09/12 v0.6 Provides ifxetex conditional
)
\Gm@cnth=\count90
\Gm@cntv=\count91
\c@Gm@tempcnt=\count92
\Gm@bindingoffset=\dimen107
\Gm@wd@mp=\dimen108
\Gm@odd@mp=\dimen109
\Gm@even@mp=\dimen110
\Gm@layoutwidth=\dimen111
\Gm@layoutheight=\dimen112
\Gm@layouthoffset=\dimen113
\Gm@layoutvoffset=\dimen114
\Gm@dimlist=\toks20
)
(/usr/share/texlive/texmf-dist/tex/latex/soul/soul.sty
Package: soul 2003/11/17 v2.4 letterspacing/underlining (mf)
\SOUL@word=\toks21
\SOUL@lasttoken=\toks22
\SOUL@cmds=\toks23
\SOUL@buffer=\toks24
\SOUL@token=\toks25
\SOUL@spaceskip=\skip46
\SOUL@ttwidth=\dimen115
\SOUL@uldp=\dimen116
\SOUL@ulht=\dimen117
)
(/usr/share/texlive/texmf-dist/tex/latex/marvosym/marvosym.sty
Package: marvosym 2011/07/20 v2.2 Martin Vogel's Symbols font definitions
)
(/usr/share/texlive/texmf-dist/tex/latex/fancyhdr/fancyhdr.sty
\fancy@headwidth=\skip47
\f@ncyO@elh=\skip48
\f@ncyO@erh=\skip49
\f@ncyO@olh=\skip50
\f@ncyO@orh=\skip51
\f@ncyO@elf=\skip52
\f@ncyO@erf=\skip53
\f@ncyO@olf=\skip54
\f@ncyO@orf=\skip55
)
(/usr/share/texlive/texmf-dist/tex/latex/tools/tabularx.sty
Package: tabularx 2014/10/28 v2.10 `tabularx' package (DPC)
\TX@col@width=\dimen118
\TX@old@table=\dimen119
\TX@old@col=\dimen120
\TX@target=\dimen121
\TX@delta=\dimen122
\TX@cols=\count93
\TX@ftn=\toks26
)
(/usr/share/texlive/texmf-dist/tex/latex/tools/multicol.sty
Package: multicol 2015/08/19 v1.8n multicolumn formatting (FMi)
\c@tracingmulticols=\count94
\mult@box=\box27
\multicol@leftmargin=\dimen123
\c@unbalance=\count95
\c@collectmore=\count96
\doublecol@number=\count97
\multicoltolerance=\count98
\multicolpretolerance=\count99
\full@width=\dimen124
\page@free=\dimen125
\premulticols=\dimen126
\postmulticols=\dimen127
\multicolsep=\skip56
\multicolbaselineskip=\skip57
\partial@page=\box28
\last@line=\box29
\maxbalancingoverflow=\dimen128
\mult@rightbox=\box30
\mult@grightbox=\box31
\mult@gfirstbox=\box32
\mult@firstbox=\box33
\@tempa=\box34
\@tempa=\box35
\@tempa=\box36
\@tempa=\box37
\@tempa=\box38
\@tempa=\box39
\@tempa=\box40
\@tempa=\box41
\@tempa=\box42
\@tempa=\box43
\@tempa=\box44
\@tempa=\box45
\@tempa=\box46
\@tempa=\box47
\@tempa=\box48
\@tempa=\box49
\@tempa=\box50
\c@columnbadness=\count100
\c@finalcolumnbadness=\count101
\last@try=\dimen129
\multicolovershoot=\dimen130
\multicolundershoot=\dimen131
\mult@nat@firstbox=\box51
\colbreak@box=\box52
\mc@col@check@num=\count102
)
(/usr/share/texlive/texmf-dist/tex/latex/stmaryrd/stmaryrd.sty
Package: stmaryrd 1994/03/03 St Mary's Road symbol package
\symstmry=\mathgroup4
LaTeX Font Info:    Overwriting symbol font `stmry' in version `bold'
(Font)                  U/stmry/m/n --> U/stmry/b/n on input line 89.
)
(/usr/share/texlive/texmf-dist/tex/latex/enumitem/enumitem.sty
Package: enumitem 2011/09/28 v3.5.2 Customized lists
\labelindent=\skip58
\enit@outerparindent=\dimen132
\enit@toks=\toks27
\enit@inbox=\box53
\enitdp@description=\count103
)
(/usr/share/texlive/texmf-dist/tex/latex/printlen/printlen.sty
Package: printlen 2009/09/03 v1.1a print lengths with units
)
(/usr/share/texlive/texmf-dist/tex/latex/parskip/parskip.sty
Package: parskip 2001/04/09 non-zero parskip adjustments
)
(/usr/share/texlive/texmf-dist/tex/latex/floatrow/floatrow.sty
Package: floatrow 2008/08/02 v0.3b floatrow: float package extension

(/usr/share/texlive/texmf-dist/tex/latex/caption/caption3.sty
Package: caption3 2016/02/04 v1.7-139 caption3 kernel (AR)
Package caption3 Info: TeX engine: e-TeX on input line 67.
\captionmargin=\dimen133
\captionmargin@=\dimen134
\captionwidth=\dimen135
\caption@tempdima=\dimen136
\caption@indent=\dimen137
\caption@parindent=\dimen138
\caption@hangindent=\dimen139
)
\c@float@type=\count104
\float@exts=\toks28
\float@box=\box54
\@floatcapt=\box55
Package floatrow Info: Modified float package code loaded on input line 455.
Package floatrow Info: Modified rotfloat package code loaded on input line 473.

\FR@everyfloat=\toks29
\flrow@foot=\insert199
\FB@wd=\dimen140
\FBo@wd=\dimen141
\FBc@wd=\dimen142
\FBo@ht=\skip59
\FBc@ht=\skip60
\FBf@ht=\skip61
\FBo@max=\skip62
\FBc@max=\skip63
\FBf@max=\skip64
\c@FBl@b=\count105
\floatbox@depth=\count106
\c@FRobj=\count107
\c@FRsobj=\count108
\Xhsize=\skip65
\sXhsize=\skip66
\Zhsize=\skip67
\sZhsize=\skip68
\flrow@rowbox=\box56
\FR@Zunitlength=\dimen143
\c@FBcnt=\count109
\FPOScnt=\count110
\LTleft=\skip69
\LTright=\skip70
\LTleft=\skip71
\LTright=\skip72
\flrow@types=\toks30
)
(/usr/share/texlive/texmf-dist/tex/latex/eso-pic/eso-pic.sty
Package: eso-pic 2015/07/21 v2.0g eso-pic (RN)

(/usr/share/texlive/texmf-dist/tex/generic/oberdiek/atbegshi.sty
Package: atbegshi 2011/10/05 v1.16 At begin shipout hook (HO)
))
(/usr/share/texlive/texmf-dist/tex/latex/hyphenat/hyphenat.sty
Package: hyphenat 2009/09/02 v2.3c hyphenation utilities
\langwohyphens=\language81
LaTeX Info: Redefining \_ on input line 43.
)
(/usr/share/texlive/texmf-dist/tex/latex/xcolor/xcolor.sty
Package: xcolor 2007/01/21 v2.11 LaTeX color extensions (UK)

(/usr/share/texlive/texmf-dist/tex/latex/latexconfig/color.cfg
File: color.cfg 2007/01/18 v1.5 color configuration of teTeX/TeXLive
)
Package xcolor Info: Package option `usenames' ignored on input line 216.
Package xcolor Info: Driver file: pdftex.def on input line 225.
LaTeX Info: Redefining \color on input line 702.
Package xcolor Info: Model `cmy' substituted by `cmy0' on input line 1337.
Package xcolor Info: Model `hsb' substituted by `rgb' on input line 1341.
Package xcolor Info: Model `RGB' extended on input line 1353.
Package xcolor Info: Model `HTML' substituted by `rgb' on input line 1355.
Package xcolor Info: Model `Hsb' substituted by `hsb' on input line 1356.
Package xcolor Info: Model `tHsb' substituted by `hsb' on input line 1357.
Package xcolor Info: Model `HSB' substituted by `hsb' on input line 1358.
Package xcolor Info: Model `Gray' substituted by `gray' on input line 1359.
Package xcolor Info: Model `wave' substituted by `hsb' on input line 1360.

(/usr/share/texlive/texmf-dist/tex/latex/graphics/dvipsnam.def
File: dvipsnam.def 2015/12/30 v3.0k Driver-dependent file (DPC,SPQR)
))
(/usr/share/texlive/texmf-dist/tex/latex/pgf/frontendlayer/tikz.sty
(/usr/share/texlive/texmf-dist/tex/latex/pgf/basiclayer/pgf.sty
(/usr/share/texlive/texmf-dist/tex/latex/pgf/utilities/pgfrcs.sty
(/usr/share/texlive/texmf-dist/tex/generic/pgf/utilities/pgfutil-common.tex
\pgfutil@everybye=\toks31
\pgfutil@tempdima=\dimen144
\pgfutil@tempdimb=\dimen145

(/usr/share/texlive/texmf-dist/tex/generic/pgf/utilities/pgfutil-common-lists.t
ex)) (/usr/share/texlive/texmf-dist/tex/generic/pgf/utilities/pgfutil-latex.def
\pgfutil@abb=\box57
(/usr/share/texlive/texmf-dist/tex/latex/ms/everyshi.sty
Package: everyshi 2001/05/15 v3.00 EveryShipout Package (MS)
))
(/usr/share/texlive/texmf-dist/tex/generic/pgf/utilities/pgfrcs.code.tex
Package: pgfrcs 2015/08/07 v3.0.1a (rcs-revision 1.31)
))
Package: pgf 2015/08/07 v3.0.1a (rcs-revision 1.15)

(/usr/share/texlive/texmf-dist/tex/latex/pgf/basiclayer/pgfcore.sty
(/usr/share/texlive/texmf-dist/tex/latex/graphics/graphicx.sty
Package: graphicx 2014/10/28 v1.0g Enhanced LaTeX Graphics (DPC,SPQR)

(/usr/share/texlive/texmf-dist/tex/latex/graphics/graphics.sty
Package: graphics 2016/01/03 v1.0q Standard LaTeX Graphics (DPC,SPQR)

(/usr/share/texlive/texmf-dist/tex/latex/graphics/trig.sty
Package: trig 2016/01/03 v1.10 sin cos tan (DPC)
)
(/usr/share/texlive/texmf-dist/tex/latex/latexconfig/graphics.cfg
File: graphics.cfg 2010/04/23 v1.9 graphics configuration of TeX Live
)
Package graphics Info: Driver file: pdftex.def on input line 95.
)
\Gin@req@height=\dimen146
\Gin@req@width=\dimen147
)
(/usr/share/texlive/texmf-dist/tex/latex/pgf/systemlayer/pgfsys.sty
(/usr/share/texlive/texmf-dist/tex/generic/pgf/systemlayer/pgfsys.code.tex
Package: pgfsys 2014/07/09 v3.0.1a (rcs-revision 1.48)

(/usr/share/texlive/texmf-dist/tex/generic/pgf/utilities/pgfkeys.code.tex
\pgfkeys@pathtoks=\toks32
\pgfkeys@temptoks=\toks33

(/usr/share/texlive/texmf-dist/tex/generic/pgf/utilities/pgfkeysfiltered.code.t
ex
\pgfkeys@tmptoks=\toks34
))
\pgf@x=\dimen148
\pgf@y=\dimen149
\pgf@xa=\dimen150
\pgf@ya=\dimen151
\pgf@xb=\dimen152
\pgf@yb=\dimen153
\pgf@xc=\dimen154
\pgf@yc=\dimen155
\w@pgf@writea=\write3
\r@pgf@reada=\read1
\c@pgf@counta=\count111
\c@pgf@countb=\count112
\c@pgf@countc=\count113
\c@pgf@countd=\count114
\t@pgf@toka=\toks35
\t@pgf@tokb=\toks36
\t@pgf@tokc=\toks37
 (/usr/share/texlive/texmf-dist/tex/generic/pgf/systemlayer/pgf.cfg
File: pgf.cfg 2008/05/14  (rcs-revision 1.7)
)
Driver file for pgf: pgfsys-pdftex.def

(/usr/share/texlive/texmf-dist/tex/generic/pgf/systemlayer/pgfsys-pdftex.def
File: pgfsys-pdftex.def 2014/10/11  (rcs-revision 1.35)

(/usr/share/texlive/texmf-dist/tex/generic/pgf/systemlayer/pgfsys-common-pdf.de
f
File: pgfsys-common-pdf.def 2013/10/10  (rcs-revision 1.13)
)))
(/usr/share/texlive/texmf-dist/tex/generic/pgf/systemlayer/pgfsyssoftpath.code.
tex
File: pgfsyssoftpath.code.tex 2013/09/09  (rcs-revision 1.9)
\pgfsyssoftpath@smallbuffer@items=\count115
\pgfsyssoftpath@bigbuffer@items=\count116
)
(/usr/share/texlive/texmf-dist/tex/generic/pgf/systemlayer/pgfsysprotocol.code.
tex
File: pgfsysprotocol.code.tex 2006/10/16  (rcs-revision 1.4)
))
(/usr/share/texlive/texmf-dist/tex/generic/pgf/basiclayer/pgfcore.code.tex
Package: pgfcore 2010/04/11 v3.0.1a (rcs-revision 1.7)

(/usr/share/texlive/texmf-dist/tex/generic/pgf/math/pgfmath.code.tex
(/usr/share/texlive/texmf-dist/tex/generic/pgf/math/pgfmathcalc.code.tex
(/usr/share/texlive/texmf-dist/tex/generic/pgf/math/pgfmathutil.code.tex)
(/usr/share/texlive/texmf-dist/tex/generic/pgf/math/pgfmathparser.code.tex
\pgfmath@dimen=\dimen156
\pgfmath@count=\count117
\pgfmath@box=\box58
\pgfmath@toks=\toks38
\pgfmath@stack@operand=\toks39
\pgfmath@stack@operation=\toks40
)
(/usr/share/texlive/texmf-dist/tex/generic/pgf/math/pgfmathfunctions.code.tex
(/usr/share/texlive/texmf-dist/tex/generic/pgf/math/pgfmathfunctions.basic.code
.tex)
(/usr/share/texlive/texmf-dist/tex/generic/pgf/math/pgfmathfunctions.trigonomet
ric.code.tex)
(/usr/share/texlive/texmf-dist/tex/generic/pgf/math/pgfmathfunctions.random.cod
e.tex)
(/usr/share/texlive/texmf-dist/tex/generic/pgf/math/pgfmathfunctions.comparison
.code.tex)
(/usr/share/texlive/texmf-dist/tex/generic/pgf/math/pgfmathfunctions.base.code.
tex)
(/usr/share/texlive/texmf-dist/tex/generic/pgf/math/pgfmathfunctions.round.code
.tex)
(/usr/share/texlive/texmf-dist/tex/generic/pgf/math/pgfmathfunctions.misc.code.
tex)
(/usr/share/texlive/texmf-dist/tex/generic/pgf/math/pgfmathfunctions.integerari
thmetics.code.tex)))
(/usr/share/texlive/texmf-dist/tex/generic/pgf/math/pgfmathfloat.code.tex
\c@pgfmathroundto@lastzeros=\count118
))
(/usr/share/texlive/texmf-dist/tex/generic/pgf/basiclayer/pgfcorepoints.code.te
x
File: pgfcorepoints.code.tex 2013/10/07  (rcs-revision 1.27)
\pgf@picminx=\dimen157
\pgf@picmaxx=\dimen158
\pgf@picminy=\dimen159
\pgf@picmaxy=\dimen160
\pgf@pathminx=\dimen161
\pgf@pathmaxx=\dimen162
\pgf@pathminy=\dimen163
\pgf@pathmaxy=\dimen164
\pgf@xx=\dimen165
\pgf@xy=\dimen166
\pgf@yx=\dimen167
\pgf@yy=\dimen168
\pgf@zx=\dimen169
\pgf@zy=\dimen170
)
(/usr/share/texlive/texmf-dist/tex/generic/pgf/basiclayer/pgfcorepathconstruct.
code.tex
File: pgfcorepathconstruct.code.tex 2013/10/07  (rcs-revision 1.29)
\pgf@path@lastx=\dimen171
\pgf@path@lasty=\dimen172
)
(/usr/share/texlive/texmf-dist/tex/generic/pgf/basiclayer/pgfcorepathusage.code
.tex
File: pgfcorepathusage.code.tex 2014/11/02  (rcs-revision 1.24)
\pgf@shorten@end@additional=\dimen173
\pgf@shorten@start@additional=\dimen174
)
(/usr/share/texlive/texmf-dist/tex/generic/pgf/basiclayer/pgfcorescopes.code.te
x
File: pgfcorescopes.code.tex 2015/05/08  (rcs-revision 1.46)
\pgfpic=\box59
\pgf@hbox=\box60
\pgf@layerbox@main=\box61
\pgf@picture@serial@count=\count119
)
(/usr/share/texlive/texmf-dist/tex/generic/pgf/basiclayer/pgfcoregraphicstate.c
ode.tex
File: pgfcoregraphicstate.code.tex 2014/11/02  (rcs-revision 1.12)
\pgflinewidth=\dimen175
)
(/usr/share/texlive/texmf-dist/tex/generic/pgf/basiclayer/pgfcoretransformation
s.code.tex
File: pgfcoretransformations.code.tex 2015/08/07  (rcs-revision 1.20)
\pgf@pt@x=\dimen176
\pgf@pt@y=\dimen177
\pgf@pt@temp=\dimen178
)
(/usr/share/texlive/texmf-dist/tex/generic/pgf/basiclayer/pgfcorequick.code.tex
File: pgfcorequick.code.tex 2008/10/09  (rcs-revision 1.3)
)
(/usr/share/texlive/texmf-dist/tex/generic/pgf/basiclayer/pgfcoreobjects.code.t
ex
File: pgfcoreobjects.code.tex 2006/10/11  (rcs-revision 1.2)
)
(/usr/share/texlive/texmf-dist/tex/generic/pgf/basiclayer/pgfcorepathprocessing
.code.tex
File: pgfcorepathprocessing.code.tex 2013/09/09  (rcs-revision 1.9)
)
(/usr/share/texlive/texmf-dist/tex/generic/pgf/basiclayer/pgfcorearrows.code.te
x
File: pgfcorearrows.code.tex 2015/05/14  (rcs-revision 1.43)
\pgfarrowsep=\dimen179
)
(/usr/share/texlive/texmf-dist/tex/generic/pgf/basiclayer/pgfcoreshade.code.tex
File: pgfcoreshade.code.tex 2013/07/15  (rcs-revision 1.15)
\pgf@max=\dimen180
\pgf@sys@shading@range@num=\count120
)
(/usr/share/texlive/texmf-dist/tex/generic/pgf/basiclayer/pgfcoreimage.code.tex
File: pgfcoreimage.code.tex 2013/07/15  (rcs-revision 1.18)

(/usr/share/texlive/texmf-dist/tex/generic/pgf/basiclayer/pgfcoreexternal.code.
tex
File: pgfcoreexternal.code.tex 2014/07/09  (rcs-revision 1.21)
\pgfexternal@startupbox=\box62
))
(/usr/share/texlive/texmf-dist/tex/generic/pgf/basiclayer/pgfcorelayers.code.te
x
File: pgfcorelayers.code.tex 2013/07/18  (rcs-revision 1.7)
)
(/usr/share/texlive/texmf-dist/tex/generic/pgf/basiclayer/pgfcoretransparency.c
ode.tex
File: pgfcoretransparency.code.tex 2013/09/30  (rcs-revision 1.5)
)
(/usr/share/texlive/texmf-dist/tex/generic/pgf/basiclayer/pgfcorepatterns.code.
tex
File: pgfcorepatterns.code.tex 2013/11/07  (rcs-revision 1.5)
)))
(/usr/share/texlive/texmf-dist/tex/generic/pgf/modules/pgfmoduleshapes.code.tex
File: pgfmoduleshapes.code.tex 2014/03/21  (rcs-revision 1.35)
\pgfnodeparttextbox=\box63
) (/usr/share/texlive/texmf-dist/tex/generic/pgf/modules/pgfmoduleplot.code.tex
File: pgfmoduleplot.code.tex 2015/08/03  (rcs-revision 1.13)
)
(/usr/share/texlive/texmf-dist/tex/latex/pgf/compatibility/pgfcomp-version-0-65
.sty
Package: pgfcomp-version-0-65 2007/07/03 v3.0.1a (rcs-revision 1.7)
\pgf@nodesepstart=\dimen181
\pgf@nodesepend=\dimen182
)
(/usr/share/texlive/texmf-dist/tex/latex/pgf/compatibility/pgfcomp-version-1-18
.sty
Package: pgfcomp-version-1-18 2007/07/23 v3.0.1a (rcs-revision 1.1)
)) (/usr/share/texlive/texmf-dist/tex/latex/pgf/utilities/pgffor.sty
(/usr/share/texlive/texmf-dist/tex/latex/pgf/utilities/pgfkeys.sty
(/usr/share/texlive/texmf-dist/tex/generic/pgf/utilities/pgfkeys.code.tex))
(/usr/share/texlive/texmf-dist/tex/latex/pgf/math/pgfmath.sty
(/usr/share/texlive/texmf-dist/tex/generic/pgf/math/pgfmath.code.tex))
(/usr/share/texlive/texmf-dist/tex/generic/pgf/utilities/pgffor.code.tex
Package: pgffor 2013/12/13 v3.0.1a (rcs-revision 1.25)

(/usr/share/texlive/texmf-dist/tex/generic/pgf/math/pgfmath.code.tex)
\pgffor@iter=\dimen183
\pgffor@skip=\dimen184
\pgffor@stack=\toks41
\pgffor@toks=\toks42
))
(/usr/share/texlive/texmf-dist/tex/generic/pgf/frontendlayer/tikz/tikz.code.tex
Package: tikz 2015/08/07 v3.0.1a (rcs-revision 1.151)

(/usr/share/texlive/texmf-dist/tex/generic/pgf/libraries/pgflibraryplothandlers
.code.tex
File: pgflibraryplothandlers.code.tex 2013/08/31 v3.0.1a (rcs-revision 1.20)
\pgf@plot@mark@count=\count121
\pgfplotmarksize=\dimen185
)
\tikz@lastx=\dimen186
\tikz@lasty=\dimen187
\tikz@lastxsaved=\dimen188
\tikz@lastysaved=\dimen189
\tikzleveldistance=\dimen190
\tikzsiblingdistance=\dimen191
\tikz@figbox=\box64
\tikz@figbox@bg=\box65
\tikz@tempbox=\box66
\tikz@tempbox@bg=\box67
\tikztreelevel=\count122
\tikznumberofchildren=\count123
\tikznumberofcurrentchild=\count124
\tikz@fig@count=\count125

(/usr/share/texlive/texmf-dist/tex/generic/pgf/modules/pgfmodulematrix.code.tex
File: pgfmodulematrix.code.tex 2013/09/17  (rcs-revision 1.8)
\pgfmatrixcurrentrow=\count126
\pgfmatrixcurrentcolumn=\count127
\pgf@matrix@numberofcolumns=\count128
)
\tikz@expandcount=\count129

(/usr/share/texlive/texmf-dist/tex/generic/pgf/frontendlayer/tikz/libraries/tik
zlibrarytopaths.code.tex
File: tikzlibrarytopaths.code.tex 2008/06/17 v3.0.1a (rcs-revision 1.2)
)))
(/usr/share/texlive/texmf-dist/tex/generic/pgf/frontendlayer/tikz/libraries/tik
zlibrarypatterns.code.tex
File: tikzlibrarypatterns.code.tex 2008/01/15 v3.0.1a (rcs-revision 1.2)

(/usr/share/texlive/texmf-dist/tex/generic/pgf/libraries/pgflibrarypatterns.cod
e.tex
File: pgflibrarypatterns.code.tex 2008/03/03 v3.0.1a (rcs-revision 1.13)
)) (/usr/share/texlive/texmf-dist/tex/latex/amsfonts/amssymb.sty
Package: amssymb 2013/01/14 v3.01 AMS font symbols

(/usr/share/texlive/texmf-dist/tex/latex/amsfonts/amsfonts.sty
Package: amsfonts 2013/01/14 v3.01 Basic AMSFonts support
\@emptytoks=\toks43
\symAMSa=\mathgroup5
\symAMSb=\mathgroup6
LaTeX Font Info:    Overwriting math alphabet `\mathfrak' in version `bold'
(Font)                  U/euf/m/n --> U/euf/b/n on input line 106.
)
LaTeX Font Info:    Redeclaring math symbol \boxdot on input line 44.
)
(/usr/share/texlive/texmf-dist/tex/latex/psnfss/pifont.sty
Package: pifont 2005/04/12 PSNFSS-v9.2a Pi font support (SPQR) 
LaTeX Font Info:    Try loading font information for U+pzd on input line 63.

(/usr/share/texlive/texmf-dist/tex/latex/psnfss/upzd.fd
File: upzd.fd 2001/06/04 font definitions for U/pzd.
)
LaTeX Font Info:    Try loading font information for U+psy on input line 64.

(/usr/share/texlive/texmf-dist/tex/latex/psnfss/upsy.fd
File: upsy.fd 2001/06/04 font definitions for U/psy.
))
(/usr/share/texlive/texmf-dist/tex/latex/caption/caption.sty
Package: caption 2016/02/21 v3.3-144 Customizing captions (AR)
\c@ContinuedFloat=\count130
Package caption Info: float package is loaded.
Package caption Info: floatrow package is loaded.
Package caption Info: wrapfig package is loaded.
)
(/usr/share/texlive/texmf-dist/tex/latex/hyperref/hyperref.sty
Package: hyperref 2012/11/06 v6.83m Hypertext links for LaTeX

(/usr/share/texlive/texmf-dist/tex/generic/oberdiek/hobsub-hyperref.sty
Package: hobsub-hyperref 2012/05/28 v1.13 Bundle oberdiek, subset hyperref (HO)


(/usr/share/texlive/texmf-dist/tex/generic/oberdiek/hobsub-generic.sty
Package: hobsub-generic 2012/05/28 v1.13 Bundle oberdiek, subset generic (HO)
Package: hobsub 2012/05/28 v1.13 Construct package bundles (HO)
Package hobsub Info: Skipping package `infwarerr' (already loaded).
Package hobsub Info: Skipping package `ltxcmds' (already loaded).
Package: ifluatex 2010/03/01 v1.3 Provides the ifluatex switch (HO)
Package ifluatex Info: LuaTeX not detected.
Package hobsub Info: Skipping package `ifvtex' (already loaded).
Package: intcalc 2007/09/27 v1.1 Expandable calculations with integers (HO)
Package hobsub Info: Skipping package `ifpdf' (already loaded).
Package: etexcmds 2011/02/16 v1.5 Avoid name clashes with e-TeX commands (HO)
Package etexcmds Info: Could not find \expanded.
(etexcmds)             That can mean that you are not using pdfTeX 1.50 or
(etexcmds)             that some package has redefined \expanded.
(etexcmds)             In the latter case, load this package earlier.
Package: kvsetkeys 2012/04/25 v1.16 Key value parser (HO)
Package: kvdefinekeys 2011/04/07 v1.3 Define keys (HO)
Package: pdftexcmds 2011/11/29 v0.20 Utility functions of pdfTeX for LuaTeX (HO
)
Package pdftexcmds Info: LuaTeX not detected.
Package pdftexcmds Info: \pdf@primitive is available.
Package pdftexcmds Info: \pdf@ifprimitive is available.
Package pdftexcmds Info: \pdfdraftmode found.
Package: pdfescape 2011/11/25 v1.13 Implements pdfTeX's escape features (HO)
Package: bigintcalc 2012/04/08 v1.3 Expandable calculations on big integers (HO
)
Package: bitset 2011/01/30 v1.1 Handle bit-vector datatype (HO)
Package: uniquecounter 2011/01/30 v1.2 Provide unlimited unique counter (HO)
)
Package hobsub Info: Skipping package `hobsub' (already loaded).
Package: letltxmacro 2010/09/02 v1.4 Let assignment for LaTeX macros (HO)
Package: hopatch 2012/05/28 v1.2 Wrapper for package hooks (HO)
Package: xcolor-patch 2011/01/30 xcolor patch
Package: atveryend 2011/06/30 v1.8 Hooks at the very end of document (HO)
Package atveryend Info: \enddocument detected (standard20110627).
Package hobsub Info: Skipping package `atbegshi' (already loaded).
Package: refcount 2011/10/16 v3.4 Data extraction from label references (HO)
Package: hycolor 2011/01/30 v1.7 Color options for hyperref/bookmark (HO)
)
(/usr/share/texlive/texmf-dist/tex/latex/oberdiek/auxhook.sty
Package: auxhook 2011/03/04 v1.3 Hooks for auxiliary files (HO)
)
(/usr/share/texlive/texmf-dist/tex/latex/oberdiek/kvoptions.sty
Package: kvoptions 2011/06/30 v3.11 Key value format for package options (HO)
)
\@linkdim=\dimen192
\Hy@linkcounter=\count131
\Hy@pagecounter=\count132

(/usr/share/texlive/texmf-dist/tex/latex/hyperref/pd1enc.def
File: pd1enc.def 2012/11/06 v6.83m Hyperref: PDFDocEncoding definition (HO)
Now handling font encoding PD1 ...
... no UTF-8 mapping file for font encoding PD1
)
\Hy@SavedSpaceFactor=\count133

(/usr/share/texlive/texmf-dist/tex/latex/latexconfig/hyperref.cfg
File: hyperref.cfg 2002/06/06 v1.2 hyperref configuration of TeXLive
)

Package hyperref Warning: Invalid value `'
(hyperref)                for option `pdfborder'.
(hyperref)                Option setting is ignored on input line 4319.

Package hyperref Info: Option `bookmarks' set `true' on input line 4319.
Package hyperref Info: Hyper figures OFF on input line 4443.
Package hyperref Info: Link nesting OFF on input line 4448.
Package hyperref Info: Hyper index ON on input line 4451.
Package hyperref Info: Plain pages OFF on input line 4458.
Package hyperref Info: Backreferencing OFF on input line 4463.
Package hyperref Info: Implicit mode ON; LaTeX internals redefined.
Package hyperref Info: Bookmarks ON on input line 4688.
\c@Hy@tempcnt=\count134
(/usr/share/texlive/texmf-dist/tex/latex/url/url.sty
\Urlmuskip=\muskip10
Package: url 2013/09/16  ver 3.4  Verb mode for urls, etc.
)
LaTeX Info: Redefining \url on input line 5041.
\XeTeXLinkMargin=\dimen193
\Fld@menulength=\count135
\Field@Width=\dimen194
\Fld@charsize=\dimen195
Package hyperref Info: Hyper figures OFF on input line 6295.
Package hyperref Info: Link nesting OFF on input line 6300.
Package hyperref Info: Hyper index ON on input line 6303.
Package hyperref Info: backreferencing OFF on input line 6310.
Package hyperref Info: Link coloring OFF on input line 6315.
Package hyperref Info: Link coloring with OCG OFF on input line 6320.
Package hyperref Info: PDF/A mode OFF on input line 6325.
LaTeX Info: Redefining \ref on input line 6365.
LaTeX Info: Redefining \pageref on input line 6369.
\Hy@abspage=\count136
\c@Item=\count137
\c@Hfootnote=\count138
)

Package hyperref Message: Driver (autodetected): hpdftex.

(/usr/share/texlive/texmf-dist/tex/latex/hyperref/hpdftex.def
File: hpdftex.def 2012/11/06 v6.83m Hyperref driver for pdfTeX
\Fld@listcount=\count139
\c@bookmark@seq@number=\count140

(/usr/share/texlive/texmf-dist/tex/latex/oberdiek/rerunfilecheck.sty
Package: rerunfilecheck 2011/04/15 v1.7 Rerun checks for auxiliary files (HO)
Package uniquecounter Info: New unique counter `rerunfilecheck' on input line 2
82.
)
\Hy@SectionHShift=\skip73
)
(/usr/share/texlive/texmf-dist/tex/latex/oberdiek/epstopdf.sty
Package: epstopdf 2010/02/09 v2.5 Conversion with epstopdf on the fly (HO)

(/usr/share/texlive/texmf-dist/tex/latex/oberdiek/epstopdf-base.sty
Package: epstopdf-base 2010/02/09 v2.5 Base part for package epstopdf

(/usr/share/texlive/texmf-dist/tex/latex/oberdiek/grfext.sty
Package: grfext 2010/08/19 v1.1 Manage graphics extensions (HO)
)
Package grfext Info: Graphics extension search list:
(grfext)             [.png,.pdf,.jpg,.mps,.jpeg,.jbig2,.jb2,.PNG,.PDF,.JPG,.JPE
G,.JBIG2,.JB2,.eps]
(grfext)             \AppendGraphicsExtensions on input line 452.

(/usr/share/texlive/texmf-dist/tex/latex/latexconfig/epstopdf-sys.cfg
File: epstopdf-sys.cfg 2010/07/13 v1.3 Configuration of (r)epstopdf for TeX Liv
e
)))
(/usr/share/texlive/texmf-dist/tex/latex/blindtext/blindtext.sty
Package: blindtext 2012/01/06 V2.0 blindtext-Package

(/usr/share/texlive/texmf-dist/tex/latex/tools/xspace.sty
Package: xspace 2014/10/28 v1.13 Space after command names (DPC,MH)
)
\c@blindtext=\count141
\c@Blindtext=\count142
\c@blind@countparstart=\count143
\blind@countxx=\count144
\blindtext@numBlindtext=\count145
\blind@countyy=\count146
\c@blindlist=\count147
\c@blindlistlevel=\count148
\c@blindlist@level=\count149
\blind@listitem=\count150
\c@blind@listcount=\count151
\c@blind@levelcount=\count152
\blind@mathformula=\count153
\blind@Mathformula=\count154
\c@blind@randomcount=\count155
\c@blind@randommax=\count156
\c@blind@pangramcount=\count157
\c@blind@pangrammax=\count158
)
(/usr/share/texlive/texmf-dist/tex/latex/pst-node/pst-node.sty
Package: pst-node 2012/09/18 v1.01 LaTeX wrapper for `pst-node' (HV)

(/usr/share/texlive/texmf-dist/tex/latex/pstricks/pstricks.sty
Package: pstricks 2015/11/14 v0.62 LaTeX wrapper for `PSTricks' (RN,HV)

(/usr/share/texlive/texmf-dist/tex/generic/pstricks/pstricks.tex
(/usr/share/texlive/texmf-dist/tex/generic/xkeyval/pst-xkey.tex
File: pst-xkey.tex 2005/11/25 v1.6 PSTricks specialization of xkeyval (HA)

(/usr/share/texlive/texmf-dist/tex/latex/xkeyval/xkeyval.sty
Package: xkeyval 2014/12/03 v2.7a package option processing (HA)

(/usr/share/texlive/texmf-dist/tex/generic/xkeyval/xkeyval.tex
(/usr/share/texlive/texmf-dist/tex/generic/xkeyval/xkvutils.tex
\XKV@toks=\toks44
\XKV@tempa@toks=\toks45
)
\XKV@depth=\count159
File: xkeyval.tex 2014/12/03 v2.7a key=value parser (HA)
)))
(/usr/share/texlive/texmf-dist/tex/generic/pstricks/pst-fp.tex
`pst-fp' v0.05, 2010/01/17 (hv)
\pstFP@xs=\count160
\pstFP@xia=\count161
\pstFP@xib=\count162
\pstFP@xfa=\count163
\pstFP@xfb=\count164
\pstFP@rega=\count165
\pstFP@regb=\count166
\pstFP@regs=\count167
\pstFP@times=\count168
)
(/usr/share/texlive/texmf-dist/tex/generic/pgf/utilities/pgfutil-common.tex
\pgfutil@everybye=\toks46
\pgfutil@tempdima=\dimen196
\pgfutil@tempdimb=\dimen197

(/usr/share/texlive/texmf-dist/tex/generic/pgf/utilities/pgfutil-common-lists.t
ex)) (/usr/share/texlive/texmf-dist/tex/generic/pgf/utilities/pgfkeys.code.tex)
(/usr/share/texlive/texmf-dist/tex/generic/pgf/utilities/pgffor.code.tex
(/usr/share/texlive/texmf-dist/tex/generic/pgf/math/pgfmath.code.tex)
\pgffor@iter=\dimen198
\pgffor@skip=\dimen256
\pgffor@stack=\toks47
\pgffor@toks=\toks48
)
\psLoopIndex=\count169

`PSTricks' v2.64b  <2015/14/11> (tvz)
\pst@dima=\dimen257
\pst@dimb=\dimen258
\pst@dimc=\dimen259
\pst@dimd=\dimen260
\pst@dimg=\dimen261
\pst@dimh=\dimen262
\pst@dimm=\dimen263
\pst@dimn=\dimen264
\pst@dimo=\dimen265
\pst@dimp=\dimen266
\pst@hbox=\box68
\pst@ibox=\box69
\pst@boxg=\box70
\pst@cnta=\count170
\pst@cntb=\count171
\pst@cntc=\count172
\pst@cntd=\count173
\pst@cntg=\count174
\pst@cnth=\count175
\pst@cntm=\count176
\pst@cntn=\count177
\pst@cnto=\count178
\pst@cntp=\count179
\@zero=\count180
\pst@toks=\toks49
(/usr/share/texlive/texmf-dist/tex/generic/pstricks/pstricks.con)
\psunit=\dimen267
\psxunit=\dimen268
\psyunit=\dimen269
\pst@C@@rType=\count181
\pslinewidth=\dimen270
\psk@startLW=\dimen271
\psk@endLW=\dimen272
\pst@customdefs=\toks50
\pslinearc=\dimen273
\pst@symbolStep=\dimen274
\pst@symbolWidth=\dimen275
\pst@symbolLinewidth=\dimen276
\everypsbox=\toks51
\psframesep=\dimen277
\pslabelsep=\dimen278
\sh@wgridXunit=\dimen279
\sh@wgridYunit=\dimen280
\pst@shift=\dimen281
)
File: pstricks.tex 2015/14/11 v2.64b `PSTricks' (tvz,hv)

(/usr/share/texlive/texmf-dist/tex/generic/pstricks/pst-fp.tex)
File: pst-fp.tex 2015/14/11 v2.64b `PST-fp' (hv)
)
Package: pst-node 2010/04/22 package wrapper for pst-node.tex

(/usr/share/texlive/texmf-dist/tex/generic/pst-node/pst-node.tex
 v1.35, 2014/08/04
\psrow=\count182
\pscol=\count183
\psmatrixcnt=\count184
\psrowsep=\skip74
\pscolsep=\skip75
\pst@args=\count185
\num@pts=\count186
\pst@argcnt=\count187
)
File: pst-node.tex 2014/08/04 1.35 `pst-node' (tvz,hv)
)
(/usr/share/texlive/texmf-dist/tex/latex/fontawesome/fontawesome.sty
Package: fontawesome 2015/07/30 v4.4.0 font awesome icons

(/usr/share/texlive/texmf-dist/tex/latex/fontawesome/fontawesomesymbols-generic
.tex)
(/usr/share/texlive/texmf-dist/tex/latex/fontawesome/fontawesomesymbols-pdftex.
tex)) (/usr/share/texlive/texmf-dist/tex/generic/xstring/xstring.sty
(/usr/share/texlive/texmf-dist/tex/generic/xstring/xstring.tex
\@xs@message=\write4
\integerpart=\count188
\decimalpart=\count189
)
Package: xstring 2013/10/13  v1.7c  String manipulations (C Tellechea)
))
(/usr/share/texlive/texmf-dist/tex/latex/titlesec/titlesec.sty
Package: titlesec 2016/03/15 v2.10.1 Sectioning titles
\ttl@box=\box71
\beforetitleunit=\skip76
\aftertitleunit=\skip77
\ttl@plus=\dimen282
\ttl@minus=\dimen283
\ttl@toksa=\toks52
\titlewidth=\dimen284
\titlewidthlast=\dimen285
\titlewidthfirst=\dimen286
)
(/usr/share/texlive/texmf-dist/tex/latex/wallpaper/wallpaper.sty
Package: wallpaper 2005/01/18, v1.01 easy wallpaper formatting (MHFW)

(/usr/share/texlive/texmf-dist/tex/latex/base/ifthen.sty
Package: ifthen 2014/09/29 v1.1c Standard LaTeX ifthen package (DPC)
)
(/usr/share/texlive/texmf-dist/tex/latex/tools/calc.sty
Package: calc 2014/10/28 v4.3 Infix arithmetic (KKT,FJ)
\calc@Acount=\count190
\calc@Bcount=\count191
\calc@Adimen=\dimen287
\calc@Bdimen=\dimen288
\calc@Askip=\skip78
\calc@Bskip=\skip79
LaTeX Info: Redefining \setlength on input line 80.
LaTeX Info: Redefining \addtolength on input line 81.
\calc@Ccount=\count192
\calc@Cskip=\skip80
)
\wpXoffset=\skip81
\wpYoffset=\skip82
\tileXoffset=\skip83
\tileYoffset=\skip84
\tilewidth=\skip85
\tileheight=\skip86
\tileX=\skip87
\tileY=\skip88
)
(/usr/share/texlive/texmf-dist/tex/latex/multirow/multirow.sty
\bigstrutjot=\dimen289
)
(/usr/share/texlive/texmf-dist/tex/latex/booktabs/booktabs.sty
Package: booktabs 2005/04/14 v1.61803 publication quality tables
\heavyrulewidth=\dimen290
\lightrulewidth=\dimen291
\cmidrulewidth=\dimen292
\belowrulesep=\dimen293
\belowbottomsep=\dimen294
\aboverulesep=\dimen295
\abovetopsep=\dimen296
\cmidrulesep=\dimen297
\cmidrulekern=\dimen298
\defaultaddspace=\dimen299
\@cmidla=\count193
\@cmidlb=\count194
\@aboverulesep=\dimen300
\@belowrulesep=\dimen301
\@thisruleclass=\count195
\@lastruleclass=\count196
\@thisrulewidth=\dimen302
)
(/usr/share/texlive/texmf-dist/tex/latex/base/textcomp.sty
Package: textcomp 2005/09/27 v1.99g Standard LaTeX package
Package textcomp Info: Sub-encoding information:
(textcomp)               5 = only ISO-Adobe without \textcurrency
(textcomp)               4 = 5 + \texteuro
(textcomp)               3 = 4 + \textohm
(textcomp)               2 = 3 + \textestimated + \textcurrency
(textcomp)               1 = TS1 - \textcircled - \t
(textcomp)               0 = TS1 (full)
(textcomp)             Font families with sub-encoding setting implement
(textcomp)             only a restricted character set as indicated.
(textcomp)             Family '?' is the default used for unknown fonts.
(textcomp)             See the documentation for details.
Package textcomp Info: Setting ? sub-encoding to TS1/1 on input line 79.

(/usr/share/texlive/texmf-dist/tex/latex/base/ts1enc.def
File: ts1enc.def 2001/06/05 v3.0e (jk/car/fm) Standard LaTeX file
Now handling font encoding TS1 ...
... processing UTF-8 mapping file for font encoding TS1

(/usr/share/texlive/texmf-dist/tex/latex/base/ts1enc.dfu
File: ts1enc.dfu 2015/12/03 v1.1r UTF-8 support for inputenc
   defining Unicode char U+00A2 (decimal 162)
   defining Unicode char U+00A3 (decimal 163)
   defining Unicode char U+00A4 (decimal 164)
   defining Unicode char U+00A5 (decimal 165)
   defining Unicode char U+00A6 (decimal 166)
   defining Unicode char U+00A7 (decimal 167)
   defining Unicode char U+00A8 (decimal 168)
   defining Unicode char U+00A9 (decimal 169)
   defining Unicode char U+00AA (decimal 170)
   defining Unicode char U+00AC (decimal 172)
   defining Unicode char U+00AE (decimal 174)
   defining Unicode char U+00AF (decimal 175)
   defining Unicode char U+00B0 (decimal 176)
   defining Unicode char U+00B1 (decimal 177)
   defining Unicode char U+00B2 (decimal 178)
   defining Unicode char U+00B3 (decimal 179)
   defining Unicode char U+00B4 (decimal 180)
   defining Unicode char U+00B5 (decimal 181)
   defining Unicode char U+00B6 (decimal 182)
   defining Unicode char U+00B7 (decimal 183)
   defining Unicode char U+00B9 (decimal 185)
   defining Unicode char U+00BA (decimal 186)
   defining Unicode char U+00BC (decimal 188)
   defining Unicode char U+00BD (decimal 189)
   defining Unicode char U+00BE (decimal 190)
   defining Unicode char U+00D7 (decimal 215)
   defining Unicode char U+00F7 (decimal 247)
   defining Unicode char U+0192 (decimal 402)
   defining Unicode char U+02C7 (decimal 711)
   defining Unicode char U+02D8 (decimal 728)
   defining Unicode char U+02DD (decimal 733)
   defining Unicode char U+0E3F (decimal 3647)
   defining Unicode char U+2016 (decimal 8214)
   defining Unicode char U+2020 (decimal 8224)
   defining Unicode char U+2021 (decimal 8225)
   defining Unicode char U+2022 (decimal 8226)
   defining Unicode char U+2030 (decimal 8240)
   defining Unicode char U+2031 (decimal 8241)
   defining Unicode char U+203B (decimal 8251)
   defining Unicode char U+203D (decimal 8253)
   defining Unicode char U+2044 (decimal 8260)
   defining Unicode char U+204E (decimal 8270)
   defining Unicode char U+2052 (decimal 8274)
   defining Unicode char U+20A1 (decimal 8353)
   defining Unicode char U+20A4 (decimal 8356)
   defining Unicode char U+20A6 (decimal 8358)
   defining Unicode char U+20A9 (decimal 8361)
   defining Unicode char U+20AB (decimal 8363)
   defining Unicode char U+20AC (decimal 8364)
   defining Unicode char U+20B1 (decimal 8369)
   defining Unicode char U+2103 (decimal 8451)
   defining Unicode char U+2116 (decimal 8470)
   defining Unicode char U+2117 (decimal 8471)
   defining Unicode char U+211E (decimal 8478)
   defining Unicode char U+2120 (decimal 8480)
   defining Unicode char U+2122 (decimal 8482)
   defining Unicode char U+2126 (decimal 8486)
   defining Unicode char U+2127 (decimal 8487)
   defining Unicode char U+212E (decimal 8494)
   defining Unicode char U+2190 (decimal 8592)
   defining Unicode char U+2191 (decimal 8593)
   defining Unicode char U+2192 (decimal 8594)
   defining Unicode char U+2193 (decimal 8595)
   defining Unicode char U+2329 (decimal 9001)
   defining Unicode char U+232A (decimal 9002)
   defining Unicode char U+2422 (decimal 9250)
   defining Unicode char U+25E6 (decimal 9702)
   defining Unicode char U+25EF (decimal 9711)
   defining Unicode char U+266A (decimal 9834)
))
LaTeX Info: Redefining \oldstylenums on input line 334.
Package textcomp Info: Setting cmr sub-encoding to TS1/0 on input line 349.
Package textcomp Info: Setting cmss sub-encoding to TS1/0 on input line 350.
Package textcomp Info: Setting cmtt sub-encoding to TS1/0 on input line 351.
Package textcomp Info: Setting cmvtt sub-encoding to TS1/0 on input line 352.
Package textcomp Info: Setting cmbr sub-encoding to TS1/0 on input line 353.
Package textcomp Info: Setting cmtl sub-encoding to TS1/0 on input line 354.
Package textcomp Info: Setting ccr sub-encoding to TS1/0 on input line 355.
Package textcomp Info: Setting ptm sub-encoding to TS1/4 on input line 356.
Package textcomp Info: Setting pcr sub-encoding to TS1/4 on input line 357.
Package textcomp Info: Setting phv sub-encoding to TS1/4 on input line 358.
Package textcomp Info: Setting ppl sub-encoding to TS1/3 on input line 359.
Package textcomp Info: Setting pag sub-encoding to TS1/4 on input line 360.
Package textcomp Info: Setting pbk sub-encoding to TS1/4 on input line 361.
Package textcomp Info: Setting pnc sub-encoding to TS1/4 on input line 362.
Package textcomp Info: Setting pzc sub-encoding to TS1/4 on input line 363.
Package textcomp Info: Setting bch sub-encoding to TS1/4 on input line 364.
Package textcomp Info: Setting put sub-encoding to TS1/5 on input line 365.
Package textcomp Info: Setting uag sub-encoding to TS1/5 on input line 366.
Package textcomp Info: Setting ugq sub-encoding to TS1/5 on input line 367.
Package textcomp Info: Setting ul8 sub-encoding to TS1/4 on input line 368.
Package textcomp Info: Setting ul9 sub-encoding to TS1/4 on input line 369.
Package textcomp Info: Setting augie sub-encoding to TS1/5 on input line 370.
Package textcomp Info: Setting dayrom sub-encoding to TS1/3 on input line 371.
Package textcomp Info: Setting dayroms sub-encoding to TS1/3 on input line 372.

Package textcomp Info: Setting pxr sub-encoding to TS1/0 on input line 373.
Package textcomp Info: Setting pxss sub-encoding to TS1/0 on input line 374.
Package textcomp Info: Setting pxtt sub-encoding to TS1/0 on input line 375.
Package textcomp Info: Setting txr sub-encoding to TS1/0 on input line 376.
Package textcomp Info: Setting txss sub-encoding to TS1/0 on input line 377.
Package textcomp Info: Setting txtt sub-encoding to TS1/0 on input line 378.
Package textcomp Info: Setting lmr sub-encoding to TS1/0 on input line 379.
Package textcomp Info: Setting lmdh sub-encoding to TS1/0 on input line 380.
Package textcomp Info: Setting lmss sub-encoding to TS1/0 on input line 381.
Package textcomp Info: Setting lmssq sub-encoding to TS1/0 on input line 382.
Package textcomp Info: Setting lmvtt sub-encoding to TS1/0 on input line 383.
Package textcomp Info: Setting lmtt sub-encoding to TS1/0 on input line 384.
Package textcomp Info: Setting qhv sub-encoding to TS1/0 on input line 385.
Package textcomp Info: Setting qag sub-encoding to TS1/0 on input line 386.
Package textcomp Info: Setting qbk sub-encoding to TS1/0 on input line 387.
Package textcomp Info: Setting qcr sub-encoding to TS1/0 on input line 388.
Package textcomp Info: Setting qcs sub-encoding to TS1/0 on input line 389.
Package textcomp Info: Setting qpl sub-encoding to TS1/0 on input line 390.
Package textcomp Info: Setting qtm sub-encoding to TS1/0 on input line 391.
Package textcomp Info: Setting qzc sub-encoding to TS1/0 on input line 392.
Package textcomp Info: Setting qhvc sub-encoding to TS1/0 on input line 393.
Package textcomp Info: Setting futs sub-encoding to TS1/4 on input line 394.
Package textcomp Info: Setting futx sub-encoding to TS1/4 on input line 395.
Package textcomp Info: Setting futj sub-encoding to TS1/4 on input line 396.
Package textcomp Info: Setting hlh sub-encoding to TS1/3 on input line 397.
Package textcomp Info: Setting hls sub-encoding to TS1/3 on input line 398.
Package textcomp Info: Setting hlst sub-encoding to TS1/3 on input line 399.
Package textcomp Info: Setting hlct sub-encoding to TS1/5 on input line 400.
Package textcomp Info: Setting hlx sub-encoding to TS1/5 on input line 401.
Package textcomp Info: Setting hlce sub-encoding to TS1/5 on input line 402.
Package textcomp Info: Setting hlcn sub-encoding to TS1/5 on input line 403.
Package textcomp Info: Setting hlcw sub-encoding to TS1/5 on input line 404.
Package textcomp Info: Setting hlcf sub-encoding to TS1/5 on input line 405.
Package textcomp Info: Setting pplx sub-encoding to TS1/3 on input line 406.
Package textcomp Info: Setting pplj sub-encoding to TS1/3 on input line 407.
Package textcomp Info: Setting ptmx sub-encoding to TS1/4 on input line 408.
Package textcomp Info: Setting ptmj sub-encoding to TS1/4 on input line 409.
)
(/usr/share/texlive/texmf-dist/tex/latex/placeins/placeins.sty
Package: placeins 2005/04/18  v 2.2
)
(/usr/share/texlive/texmf-dist/tex/latex/makecell/makecell.sty
Package: makecell 2009/08/03 V0.1e Managing of Tab Column Heads and Cells
\rotheadsize=\dimen303
\c@nlinenum=\count197
\TeXr@lab=\toks53
)
(/usr/share/texlive/texmf-dist/tex/latex/arydshln/arydshln.sty
Package: arydshln 2004/08/31 v1.71 
\dashlinedash=\dimen304
\dashlinegap=\dimen305
\adl@box=\box72
\adl@height=\dimen306
\adl@heightsave=\dimen307
\adl@depth=\dimen308
\adl@depthsave=\dimen309
\adl@finaldepth=\dimen310
\adl@columns=\count198
\adl@ncol=\count266
\adl@currentcolumn=\count267
\adl@currentcolumnsave=\count268
\adl@totalheight=\count269
\adl@totalheightsave=\count270
\adl@dash=\count271
\adl@gap=\count272
\adl@cla=\count273
\adl@clb=\count274
\adl@everyvbox=\toks54
\adl@LTpagetotal=\dimen311
)
(/usr/share/texlive/texmf-dist/tex/latex/stackengine/stackengine.sty
Package: stackengine 2014/01/06 v3.24\ Stacking text and objects in convenient 
ways

(/usr/share/texlive/texmf-dist/tex/latex/etoolbox/etoolbox.sty
Package: etoolbox 2015/08/02 v2.2a e-TeX tools for LaTeX (JAW)
\etb@tempcnta=\count275
)
\c@@stackindex=\count276
\@boxshift=\skip89
\stack@tmplength=\skip90
\temp@stkl=\skip91
\@stackedboxwidth=\skip92
\@addedbox=\box73
\@anchorbox=\box74
\stackedbox=\box75
\@centerbox=\box76
\c@ROWcellindex@=\count277
)
No file cv-oday-darwich-fr.aux.
\openout1 = `cv-oday-darwich-fr.aux'.

LaTeX Font Info:    Checking defaults for OML/cmm/m/it on input line 72.
LaTeX Font Info:    ... okay on input line 72.
LaTeX Font Info:    Checking defaults for T1/cmr/m/n on input line 72.
LaTeX Font Info:    ... okay on input line 72.
LaTeX Font Info:    Checking defaults for OT1/cmr/m/n on input line 72.
LaTeX Font Info:    ... okay on input line 72.
LaTeX Font Info:    Checking defaults for OMS/cmsy/m/n on input line 72.
LaTeX Font Info:    ... okay on input line 72.
LaTeX Font Info:    Checking defaults for OMX/cmex/m/n on input line 72.
LaTeX Font Info:    ... okay on input line 72.
LaTeX Font Info:    Checking defaults for U/cmr/m/n on input line 72.
LaTeX Font Info:    ... okay on input line 72.
LaTeX Font Info:    Checking defaults for PD1/pdf/m/n on input line 72.
LaTeX Font Info:    ... okay on input line 72.
LaTeX Font Info:    Checking defaults for TS1/cmr/m/n on input line 72.
LaTeX Font Info:    Try loading font information for TS1+cmr on input line 72.
(/usr/share/texlive/texmf-dist/tex/latex/base/ts1cmr.fd
File: ts1cmr.fd 2014/09/29 v2.5h Standard LaTeX font definitions
)
LaTeX Font Info:    ... okay on input line 72.

(/usr/share/texlive/texmf-dist/tex/context/base/supp-pdf.mkii
[Loading MPS to PDF converter (version 2006.09.02).]
\scratchcounter=\count278
\scratchdimen=\dimen312
\scratchbox=\box77
\nofMPsegments=\count279
\nofMParguments=\count280
\everyMPshowfont=\toks55
\MPscratchCnt=\count281
\MPscratchDim=\dimen313
\MPnumerator=\count282
\makeMPintoPDFobject=\count283
\everyMPtoPDFconversion=\toks56
)
*geometry* driver: auto-detecting
*geometry* detected driver: pdftex
*geometry* verbose mode - [ preamble ] result:
* driver: pdftex
* paper: a4paper
* layout: <same size as paper>
* layoutoffset:(h,v)=(0.0pt,0.0pt)
* modes: 
* h-part:(L,W,R)=(42.67912pt, 512.14963pt, 42.67912pt)
* v-part:(T,H,B)=(42.67912pt, 759.6886pt, 42.67912pt)
* \paperwidth=597.50787pt
* \paperheight=845.04684pt
* \textwidth=512.14963pt
* \textheight=759.6886pt
* \oddsidemargin=-29.59087pt
* \evensidemargin=-29.59087pt
* \topmargin=0.0pt
* \headheight=12.0pt
* \headsep=-65.0pt
* \topskip=0.0pt
* \footskip=30.0pt
* \marginparwidth=35.0pt
* \marginparsep=10.0pt
* \columnsep=10.0pt
* \skip\footins=10.8pt plus 4.0pt minus 2.0pt
* \hoffset=0.0pt
* \voffset=0.0pt
* \mag=1000
* \@twocolumnfalse
* \@twosidefalse
* \@mparswitchfalse
* \@reversemarginfalse
* (1in=72.27pt=25.4mm, 1cm=28.453pt)

Package caption Info: Begin \AtBeginDocument code.
Package caption Info: floatrow package is loaded.
Package caption Info: hyperref package is loaded.
Package caption Info: End \AtBeginDocument code.
\AtBeginShipoutBox=\box78
ABD: EveryShipout initializing macros
Package hyperref Info: Link coloring OFF on input line 72.

(/usr/share/texlive/texmf-dist/tex/latex/hyperref/nameref.sty
Package: nameref 2012/10/27 v2.43 Cross-referencing by name of section

(/usr/share/texlive/texmf-dist/tex/generic/oberdiek/gettitlestring.sty
Package: gettitlestring 2010/12/03 v1.4 Cleanup title references (HO)
)
\c@section@level=\count284
)
LaTeX Info: Redefining \ref on input line 72.
LaTeX Info: Redefining \pageref on input line 72.
LaTeX Info: Redefining \nameref on input line 72.
\@outlinefile=\write5
\openout5 = `cv-oday-darwich-fr.out'.

Package epstopdf Info: Source file: <../icon/telephoneauricularicon.eps>
(epstopdf)                    date: 2016-10-25 17:15:14
(epstopdf)                    size: 3785 bytes
(epstopdf)             Output file: <../icon/telephoneauricularicon-eps-convert
ed-to.pdf>
(epstopdf)                    date: 2016-10-25 17:15:14
(epstopdf)                    size: 3133 bytes
(epstopdf)             Command: <repstopdf --outfile=../icon/telephoneauricular
icon-eps-converted-to.pdf ../icon/telephoneauricularicon.eps>
(epstopdf)             \includegraphics on input line 95.
Package epstopdf Info: Output file is already uptodate.

<../icon/telephoneauricularicon-eps-converted-to.pdf, id=7, 27.10126pt x 28.105
pt>
File: ../icon/telephoneauricularicon-eps-converted-to.pdf Graphic file (type pd
f)
 <use ../icon/telephoneauricularicon-eps-converted-to.pdf>
Package pdftex.def Info: ../icon/telephoneauricularicon-eps-converted-to.pdf us
ed on input line 95.
(pdftex.def)             Requested size: 16.97214pt x 17.60074pt.
LaTeX Font Info:    Try loading font information for T1+cmtt on input line 95.

(/usr/share/texlive/texmf-dist/tex/latex/base/t1cmtt.fd
File: t1cmtt.fd 2014/09/29 v2.5h Standard LaTeX font definitions
)
Package epstopdf Info: Source file: <../icon/envelope.eps>
(epstopdf)                    date: 2016-10-25 17:15:14
(epstopdf)                    size: 3641 bytes
(epstopdf)             Output file: <../icon/envelope-eps-converted-to.pdf>
(epstopdf)                    date: 2016-10-25 17:15:14
(epstopdf)                    size: 2979 bytes
(epstopdf)             Command: <repstopdf --outfile=../icon/envelope-eps-conve
rted-to.pdf ../icon/envelope.eps>
(epstopdf)             \includegraphics on input line 96.
Package epstopdf Info: Output file is already uptodate.

<../icon/envelope-eps-converted-to.pdf, id=9, 388.45125pt x 297.11pt>
File: ../icon/envelope-eps-converted-to.pdf Graphic file (type pdf)

<use ../icon/envelope-eps-converted-to.pdf>
Package pdftex.def Info: ../icon/envelope-eps-converted-to.pdf used on input li
ne 96.
(pdftex.def)             Requested size: 14.49812pt x 11.089pt.
Package epstopdf Info: Source file: <../icon/locationplaceholder.eps>
(epstopdf)                    date: 2016-10-25 17:15:14
(epstopdf)                    size: 3105 bytes
(epstopdf)             Output file: <../icon/locationplaceholder-eps-converted-
to.pdf>
(epstopdf)                    date: 2016-10-25 17:15:14
(epstopdf)                    size: 2784 bytes
(epstopdf)             Command: <repstopdf --outfile=../icon/locationplaceholde
r-eps-converted-to.pdf ../icon/locationplaceholder.eps>
(epstopdf)             \includegraphics on input line 97.
Package epstopdf Info: Output file is already uptodate.

<../icon/locationplaceholder-eps-converted-to.pdf, id=11, 31.11626pt x 45.16875
pt>
File: ../icon/locationplaceholder-eps-converted-to.pdf Graphic file (type pdf)
 <use ../icon/locationplaceholder-eps-converted-to.pdf>
Package pdftex.def Info: ../icon/locationplaceholder-eps-converted-to.pdf used 
on input line 97.
(pdftex.def)             Requested size: 7.9908pt x 11.59953pt.
Package epstopdf Info: Source file: <../icon/target2.eps>
(epstopdf)                    date: 2016-10-25 17:15:14
(epstopdf)                    size: 4691 bytes
(epstopdf)             Output file: <../icon/target2-eps-converted-to.pdf>
(epstopdf)                    date: 2016-10-25 17:20:52
(epstopdf)                    size: 3311 bytes
(epstopdf)             Command: <repstopdf --outfile=../icon/target2-eps-conver
ted-to.pdf ../icon/target2.eps>
(epstopdf)             \includegraphics on input line 99.
Package epstopdf Info: Output file is already uptodate.

<../icon/target2-eps-converted-to.pdf, id=12, 761.84625pt x 766.865pt>
File: ../icon/target2-eps-converted-to.pdf Graphic file (type pdf)

<use ../icon/target2-eps-converted-to.pdf>
Package pdftex.def Info: ../icon/target2-eps-converted-to.pdf used on input lin
e 99.
(pdftex.def)             Requested size: 11.52019pt x 11.59608pt.
LaTeX Font Info:    Try loading font information for U+stmry on input line 99.

(/usr/share/texlive/texmf-dist/tex/latex/stmaryrd/Ustmry.fd)
LaTeX Font Info:    Try loading font information for U+msa on input line 99.

(/usr/share/texlive/texmf-dist/tex/latex/amsfonts/umsa.fd
File: umsa.fd 2013/01/14 v3.01 AMS symbols A
)
LaTeX Font Info:    Try loading font information for U+msb on input line 99.

(/usr/share/texlive/texmf-dist/tex/latex/amsfonts/umsb.fd
File: umsb.fd 2013/01/14 v3.01 AMS symbols B
)
Package epstopdf Info: Source file: <../icon/favoritesbutton.eps>
(epstopdf)                    date: 2016-10-25 17:15:14
(epstopdf)                    size: 4947 bytes
(epstopdf)             Output file: <../icon/favoritesbutton-eps-converted-to.p
df>
(epstopdf)                    date: 2016-10-25 17:20:56
(epstopdf)                    size: 3597 bytes
(epstopdf)             Command: <repstopdf --outfile=../icon/favoritesbutton-ep
s-converted-to.pdf ../icon/favoritesbutton.eps>
(epstopdf)             \includegraphics on input line 118.
Package epstopdf Info: Output file is already uptodate.

<../icon/favoritesbutton-eps-converted-to.pdf, id=13, 236.885pt x 237.88875pt>
File: ../icon/favoritesbutton-eps-converted-to.pdf Graphic file (type pdf)

<use ../icon/favoritesbutton-eps-converted-to.pdf>
Package pdftex.def Info: ../icon/favoritesbutton-eps-converted-to.pdf used on i
nput line 118.
(pdftex.def)             Requested size: 9.55692pt x 9.59741pt.

Overfull \hbox (66.0618pt too wide) in paragraph at lines 112--146
 [][] 
 []

Package epstopdf Info: Source file: <../icon/calendar.eps>
(epstopdf)                    date: 2016-10-25 17:15:12
(epstopdf)                    size: 8694 bytes
(epstopdf)             Output file: <../icon/calendar-eps-converted-to.pdf>
(epstopdf)                    date: 2016-10-25 17:15:12
(epstopdf)                    size: 4008 bytes
(epstopdf)             Command: <repstopdf --outfile=../icon/calendar-eps-conve
rted-to.pdf ../icon/calendar.eps>
(epstopdf)             \includegraphics on input line 188.
Package epstopdf Info: Output file is already uptodate.
<../icon/calendar-eps-converted-to.pdf, id=14, 47.17625pt x 47.17625pt>
File: ../icon/calendar-eps-converted-to.pdf Graphic file (type pdf)

<use ../icon/calendar-eps-converted-to.pdf>
Package pdftex.def Info: ../icon/calendar-eps-converted-to.pdf used on input li
ne 188.
(pdftex.def)             Requested size: 11.59966pt x 11.59966pt.
Package epstopdf Info: Source file: <../icon/medal.eps>
(epstopdf)                    date: 2016-10-25 17:15:14
(epstopdf)                    size: 5643 bytes
(epstopdf)             Output file: <../icon/medal-eps-converted-to.pdf>
(epstopdf)                    date: 2016-10-25 17:15:14
(epstopdf)                    size: 3796 bytes
(epstopdf)             Command: <repstopdf --outfile=../icon/medal-eps-converte
d-to.pdf ../icon/medal.eps>
(epstopdf)             \includegraphics on input line 188.
Package epstopdf Info: Output file is already uptodate.

<../icon/medal-eps-converted-to.pdf, id=15, 292.09125pt x 394.47375pt>
File: ../icon/medal-eps-converted-to.pdf Graphic file (type pdf)

<use ../icon/medal-eps-converted-to.pdf>
Package pdftex.def Info: ../icon/medal-eps-converted-to.pdf used on input line 
188.
(pdftex.def)             Requested size: 8.58853pt x 11.59895pt.

<../icon/venturekick.jpeg, id=17, 401.5pt x 401.5pt>
File: ../icon/venturekick.jpeg Graphic file (type jpg)

<use ../icon/venturekick.jpeg>
Package pdftex.def Info: ../icon/venturekick.jpeg used on input line 188.
(pdftex.def)             Requested size: 11.59724pt x 11.59724pt.
LaTeX Font Info:    Try loading font information for U+fontawesomethree on inpu
t line 188.

(/usr/share/texlive/texmf-dist/tex/latex/fontawesome/ufontawesomethree.fd
File: ufontawesomethree.fd 2015/07/30 Font definitions for U/fontawesomethree.
)
Package epstopdf Info: Source file: <../icon/locationplaceholder.eps>
(epstopdf)                    date: 2016-10-25 17:15:14
(epstopdf)                    size: 3105 bytes
(epstopdf)             Output file: <../icon/locationplaceholder-eps-converted-
to.pdf>
(epstopdf)                    date: 2016-10-25 17:15:14
(epstopdf)                    size: 2784 bytes
(epstopdf)             Command: <repstopdf --outfile=../icon/locationplaceholde
r-eps-converted-to.pdf ../icon/locationplaceholder.eps>
(epstopdf)             \includegraphics on input line 207.
Package epstopdf Info: Output file is already uptodate.
File: ../icon/locationplaceholder-eps-converted-to.pdf Graphic file (type pdf)

<use ../icon/locationplaceholder-eps-converted-to.pdf>
Package pdftex.def Info: ../icon/locationplaceholder-eps-converted-to.pdf used 
on input line 207.
(pdftex.def)             Requested size: 7.16417pt x 10.39961pt.
Package epstopdf Info: Source file: <../icon/calendar.eps>
(epstopdf)                    date: 2016-10-25 17:15:12
(epstopdf)                    size: 8694 bytes
(epstopdf)             Output file: <../icon/calendar-eps-converted-to.pdf>
(epstopdf)                    date: 2016-10-25 17:15:12
(epstopdf)                    size: 4008 bytes
(epstopdf)             Command: <repstopdf --outfile=../icon/calendar-eps-conve
rted-to.pdf ../icon/calendar.eps>
(epstopdf)             \includegraphics on input line 208.
Package epstopdf Info: Output file is already uptodate.
File: ../icon/calendar-eps-converted-to.pdf Graphic file (type pdf)

<use ../icon/calendar-eps-converted-to.pdf>
Package pdftex.def Info: ../icon/calendar-eps-converted-to.pdf used on input li
ne 208.
(pdftex.def)             Requested size: 10.39967pt x 10.39967pt.
Package epstopdf Info: Source file: <../icon/locationplaceholder.eps>
(epstopdf)                    date: 2016-10-25 17:15:14
(epstopdf)                    size: 3105 bytes
(epstopdf)             Output file: <../icon/locationplaceholder-eps-converted-
to.pdf>
(epstopdf)                    date: 2016-10-25 17:15:14
(epstopdf)                    size: 2784 bytes
(epstopdf)             Command: <repstopdf --outfile=../icon/locationplaceholde
r-eps-converted-to.pdf ../icon/locationplaceholder.eps>
(epstopdf)             \includegraphics on input line 215.
Package epstopdf Info: Output file is already uptodate.
File: ../icon/locationplaceholder-eps-converted-to.pdf Graphic file (type pdf)

<use ../icon/locationplaceholder-eps-converted-to.pdf>
Package pdftex.def Info: ../icon/locationplaceholder-eps-converted-to.pdf used 
on input line 215.
(pdftex.def)             Requested size: 7.16417pt x 10.39961pt.
Package epstopdf Info: Source file: <../icon/calendar.eps>
(epstopdf)                    date: 2016-10-25 17:15:12
(epstopdf)                    size: 8694 bytes
(epstopdf)             Output file: <../icon/calendar-eps-converted-to.pdf>
(epstopdf)                    date: 2016-10-25 17:15:12
(epstopdf)                    size: 4008 bytes
(epstopdf)             Command: <repstopdf --outfile=../icon/calendar-eps-conve
rted-to.pdf ../icon/calendar.eps>
(epstopdf)             \includegraphics on input line 215.
Package epstopdf Info: Output file is already uptodate.
File: ../icon/calendar-eps-converted-to.pdf Graphic file (type pdf)

<use ../icon/calendar-eps-converted-to.pdf>
Package pdftex.def Info: ../icon/calendar-eps-converted-to.pdf used on input li
ne 215.
(pdftex.def)             Requested size: 10.39967pt x 10.39967pt.
Package epstopdf Info: Source file: <../icon/locationplaceholder.eps>
(epstopdf)                    date: 2016-10-25 17:15:14
(epstopdf)                    size: 3105 bytes
(epstopdf)             Output file: <../icon/locationplaceholder-eps-converted-
to.pdf>
(epstopdf)                    date: 2016-10-25 17:15:14
(epstopdf)                    size: 2784 bytes
(epstopdf)             Command: <repstopdf --outfile=../icon/locationplaceholde
r-eps-converted-to.pdf ../icon/locationplaceholder.eps>
(epstopdf)             \includegraphics on input line 219.
Package epstopdf Info: Output file is already uptodate.
File: ../icon/locationplaceholder-eps-converted-to.pdf Graphic file (type pdf)

<use ../icon/locationplaceholder-eps-converted-to.pdf>
Package pdftex.def Info: ../icon/locationplaceholder-eps-converted-to.pdf used 
on input line 219.
(pdftex.def)             Requested size: 7.16417pt x 10.39961pt.
Package epstopdf Info: Source file: <../icon/calendar.eps>
(epstopdf)                    date: 2016-10-25 17:15:12
(epstopdf)                    size: 8694 bytes
(epstopdf)             Output file: <../icon/calendar-eps-converted-to.pdf>
(epstopdf)                    date: 2016-10-25 17:15:12
(epstopdf)                    size: 4008 bytes
(epstopdf)             Command: <repstopdf --outfile=../icon/calendar-eps-conve
rted-to.pdf ../icon/calendar.eps>
(epstopdf)             \includegraphics on input line 219.
Package epstopdf Info: Output file is already uptodate.
File: ../icon/calendar-eps-converted-to.pdf Graphic file (type pdf)

<use ../icon/calendar-eps-converted-to.pdf>
Package pdftex.def Info: ../icon/calendar-eps-converted-to.pdf used on input li
ne 219.
(pdftex.def)             Requested size: 10.39967pt x 10.39967pt.
Package epstopdf Info: Source file: <../icon/locationplaceholder.eps>
(epstopdf)                    date: 2016-10-25 17:15:14
(epstopdf)                    size: 3105 bytes
(epstopdf)             Output file: <../icon/locationplaceholder-eps-converted-
to.pdf>
(epstopdf)                    date: 2016-10-25 17:15:14
(epstopdf)                    size: 2784 bytes
(epstopdf)             Command: <repstopdf --outfile=../icon/locationplaceholde
r-eps-converted-to.pdf ../icon/locationplaceholder.eps>
(epstopdf)             \includegraphics on input line 222.
Package epstopdf Info: Output file is already uptodate.
File: ../icon/locationplaceholder-eps-converted-to.pdf Graphic file (type pdf)

<use ../icon/locationplaceholder-eps-converted-to.pdf>
Package pdftex.def Info: ../icon/locationplaceholder-eps-converted-to.pdf used 
on input line 222.
(pdftex.def)             Requested size: 7.16417pt x 10.39961pt.
Package epstopdf Info: Source file: <../icon/calendar.eps>
(epstopdf)                    date: 2016-10-25 17:15:12
(epstopdf)                    size: 8694 bytes
(epstopdf)             Output file: <../icon/calendar-eps-converted-to.pdf>
(epstopdf)                    date: 2016-10-25 17:15:12
(epstopdf)                    size: 4008 bytes
(epstopdf)             Command: <repstopdf --outfile=../icon/calendar-eps-conve
rted-to.pdf ../icon/calendar.eps>
(epstopdf)             \includegraphics on input line 222.
Package epstopdf Info: Output file is already uptodate.
File: ../icon/calendar-eps-converted-to.pdf Graphic file (type pdf)

<use ../icon/calendar-eps-converted-to.pdf>
Package pdftex.def Info: ../icon/calendar-eps-converted-to.pdf used on input li
ne 222.
(pdftex.def)             Requested size: 10.39967pt x 10.39967pt.

Overfull \hbox (66.0618pt too wide) in paragraph at lines 201--225
 [][] 
 []

Package epstopdf Info: Source file: <../icon/starfullfilled.eps>
(epstopdf)                    date: 2016-10-25 17:15:12
(epstopdf)                    size: 2616 bytes
(epstopdf)             Output file: <../icon/starfullfilled-eps-converted-to.pd
f>
(epstopdf)                    date: 2016-10-25 17:15:12
(epstopdf)                    size: 2645 bytes
(epstopdf)             Command: <repstopdf --outfile=../icon/starfullfilled-eps
-converted-to.pdf ../icon/starfullfilled.eps>
(epstopdf)             \includegraphics on input line 269.
Package epstopdf Info: Output file is already uptodate.
<../icon/starfullfilled-eps-converted-to.pdf, id=21, 16.06pt x 16.06pt>
File: ../icon/starfullfilled-eps-converted-to.pdf Graphic file (type pdf)

<use ../icon/starfullfilled-eps-converted-to.pdf>
Package pdftex.def Info: ../icon/starfullfilled-eps-converted-to.pdf used on in
put line 269.
(pdftex.def)             Requested size: 10.8802pt x 10.8802pt.
Package epstopdf Info: Source file: <../icon/starfullfilled.eps>
(epstopdf)                    date: 2016-10-25 17:15:12
(epstopdf)                    size: 2616 bytes
(epstopdf)             Output file: <../icon/starfullfilled-eps-converted-to.pd
f>
(epstopdf)                    date: 2016-10-25 17:15:12
(epstopdf)                    size: 2645 bytes
(epstopdf)             Command: <repstopdf --outfile=../icon/starfullfilled-eps
-converted-to.pdf ../icon/starfullfilled.eps>
(epstopdf)             \includegraphics on input line 269.
Package epstopdf Info: Output file is already uptodate.
File: ../icon/starfullfilled-eps-converted-to.pdf Graphic file (type pdf)

<use ../icon/starfullfilled-eps-converted-to.pdf>
Package pdftex.def Info: ../icon/starfullfilled-eps-converted-to.pdf used on in
put line 269.
(pdftex.def)             Requested size: 10.8802pt x 10.8802pt.
Package epstopdf Info: Source file: <../icon/starfullfilled.eps>
(epstopdf)                    date: 2016-10-25 17:15:12
(epstopdf)                    size: 2616 bytes
(epstopdf)             Output file: <../icon/starfullfilled-eps-converted-to.pd
f>
(epstopdf)                    date: 2016-10-25 17:15:12
(epstopdf)                    size: 2645 bytes
(epstopdf)             Command: <repstopdf --outfile=../icon/starfullfilled-eps
-converted-to.pdf ../icon/starfullfilled.eps>
(epstopdf)             \includegraphics on input line 269.
Package epstopdf Info: Output file is already uptodate.
File: ../icon/starfullfilled-eps-converted-to.pdf Graphic file (type pdf)

<use ../icon/starfullfilled-eps-converted-to.pdf>
Package pdftex.def Info: ../icon/starfullfilled-eps-converted-to.pdf used on in
put line 269.
(pdftex.def)             Requested size: 10.8802pt x 10.8802pt.
Package epstopdf Info: Source file: <../icon/starfullfilled.eps>
(epstopdf)                    date: 2016-10-25 17:15:12
(epstopdf)                    size: 2616 bytes
(epstopdf)             Output file: <../icon/starfullfilled-eps-converted-to.pd
f>
(epstopdf)                    date: 2016-10-25 17:15:12
(epstopdf)                    size: 2645 bytes
(epstopdf)             Command: <repstopdf --outfile=../icon/starfullfilled-eps
-converted-to.pdf ../icon/starfullfilled.eps>
(epstopdf)             \includegraphics on input line 269.
Package epstopdf Info: Output file is already uptodate.
File: ../icon/starfullfilled-eps-converted-to.pdf Graphic file (type pdf)

<use ../icon/starfullfilled-eps-converted-to.pdf>
Package pdftex.def Info: ../icon/starfullfilled-eps-converted-to.pdf used on in
put line 269.
(pdftex.def)             Requested size: 10.8802pt x 10.8802pt.
Package epstopdf Info: Source file: <../icon/starfullfilled.eps>
(epstopdf)                    date: 2016-10-25 17:15:12
(epstopdf)                    size: 2616 bytes
(epstopdf)             Output file: <../icon/starfullfilled-eps-converted-to.pd
f>
(epstopdf)                    date: 2016-10-25 17:15:12
(epstopdf)                    size: 2645 bytes
(epstopdf)             Command: <repstopdf --outfile=../icon/starfullfilled-eps
-converted-to.pdf ../icon/starfullfilled.eps>
(epstopdf)             \includegraphics on input line 269.
Package epstopdf Info: Output file is already uptodate.
File: ../icon/starfullfilled-eps-converted-to.pdf Graphic file (type pdf)

<use ../icon/starfullfilled-eps-converted-to.pdf>
Package pdftex.def Info: ../icon/starfullfilled-eps-converted-to.pdf used on in
put line 269.
(pdftex.def)             Requested size: 10.8802pt x 10.8802pt.
Package epstopdf Info: Source file: <../icon/starfullfilled.eps>
(epstopdf)                    date: 2016-10-25 17:15:12
(epstopdf)                    size: 2616 bytes
(epstopdf)             Output file: <../icon/starfullfilled-eps-converted-to.pd
f>
(epstopdf)                    date: 2016-10-25 17:15:12
(epstopdf)                    size: 2645 bytes
(epstopdf)             Command: <repstopdf --outfile=../icon/starfullfilled-eps
-converted-to.pdf ../icon/starfullfilled.eps>
(epstopdf)             \includegraphics on input line 269.
Package epstopdf Info: Output file is already uptodate.
File: ../icon/starfullfilled-eps-converted-to.pdf Graphic file (type pdf)

<use ../icon/starfullfilled-eps-converted-to.pdf>
Package pdftex.def Info: ../icon/starfullfilled-eps-converted-to.pdf used on in
put line 269.
(pdftex.def)             Requested size: 10.8802pt x 10.8802pt.
Package epstopdf Info: Source file: <../icon/starfullfilled.eps>
(epstopdf)                    date: 2016-10-25 17:15:12
(epstopdf)                    size: 2616 bytes
(epstopdf)             Output file: <../icon/starfullfilled-eps-converted-to.pd
f>
(epstopdf)                    date: 2016-10-25 17:15:12
(epstopdf)                    size: 2645 bytes
(epstopdf)             Command: <repstopdf --outfile=../icon/starfullfilled-eps
-converted-to.pdf ../icon/starfullfilled.eps>
(epstopdf)             \includegraphics on input line 269.
Package epstopdf Info: Output file is already uptodate.
File: ../icon/starfullfilled-eps-converted-to.pdf Graphic file (type pdf)

<use ../icon/starfullfilled-eps-converted-to.pdf>
Package pdftex.def Info: ../icon/starfullfilled-eps-converted-to.pdf used on in
put line 269.
(pdftex.def)             Requested size: 10.8802pt x 10.8802pt.
Package epstopdf Info: Source file: <../icon/starfullfilled.eps>
(epstopdf)                    date: 2016-10-25 17:15:12
(epstopdf)                    size: 2616 bytes
(epstopdf)             Output file: <../icon/starfullfilled-eps-converted-to.pd
f>
(epstopdf)                    date: 2016-10-25 17:15:12
(epstopdf)                    size: 2645 bytes
(epstopdf)             Command: <repstopdf --outfile=../icon/starfullfilled-eps
-converted-to.pdf ../icon/starfullfilled.eps>
(epstopdf)             \includegraphics on input line 269.
Package epstopdf Info: Output file is already uptodate.
File: ../icon/starfullfilled-eps-converted-to.pdf Graphic file (type pdf)

<use ../icon/starfullfilled-eps-converted-to.pdf>
Package pdftex.def Info: ../icon/starfullfilled-eps-converted-to.pdf used on in
put line 269.
(pdftex.def)             Requested size: 10.8802pt x 10.8802pt.
Package epstopdf Info: Source file: <../icon/starfullfilled.eps>
(epstopdf)                    date: 2016-10-25 17:15:12
(epstopdf)                    size: 2616 bytes
(epstopdf)             Output file: <../icon/starfullfilled-eps-converted-to.pd
f>
(epstopdf)                    date: 2016-10-25 17:15:12
(epstopdf)                    size: 2645 bytes
(epstopdf)             Command: <repstopdf --outfile=../icon/starfullfilled-eps
-converted-to.pdf ../icon/starfullfilled.eps>
(epstopdf)             \includegraphics on input line 269.
Package epstopdf Info: Output file is already uptodate.
File: ../icon/starfullfilled-eps-converted-to.pdf Graphic file (type pdf)

<use ../icon/starfullfilled-eps-converted-to.pdf>
Package pdftex.def Info: ../icon/starfullfilled-eps-converted-to.pdf used on in
put line 269.
(pdftex.def)             Requested size: 10.8802pt x 10.8802pt.
Package epstopdf Info: Source file: <../icon/starempty.eps>
(epstopdf)                    date: 2016-10-25 17:15:12
(epstopdf)                    size: 3463 bytes
(epstopdf)             Output file: <../icon/starempty-eps-converted-to.pdf>
(epstopdf)                    date: 2016-10-25 17:15:14
(epstopdf)                    size: 2956 bytes
(epstopdf)             Command: <repstopdf --outfile=../icon/starempty-eps-conv
erted-to.pdf ../icon/starempty.eps>
(epstopdf)             \includegraphics on input line 269.
Package epstopdf Info: Output file is already uptodate.

<../icon/starempty-eps-converted-to.pdf, id=22, 37.13875pt x 37.13875pt>
File: ../icon/starempty-eps-converted-to.pdf Graphic file (type pdf)

<use ../icon/starempty-eps-converted-to.pdf>
Package pdftex.def Info: ../icon/starempty-eps-converted-to.pdf used on input l
ine 269.
(pdftex.def)             Requested size: 10.8799pt x 10.8799pt.
Package epstopdf Info: Source file: <../icon/halfilledratingstar.eps>
(epstopdf)                    date: 2016-10-25 17:15:12
(epstopdf)                    size: 2628 bytes
(epstopdf)             Output file: <../icon/halfilledratingstar-eps-converted-
to.pdf>
(epstopdf)                    date: 2016-10-25 17:15:14
(epstopdf)                    size: 2580 bytes
(epstopdf)             Command: <repstopdf --outfile=../icon/halfilledratingsta
r-eps-converted-to.pdf ../icon/halfilledratingstar.eps>
(epstopdf)             \includegraphics on input line 269.
Package epstopdf Info: Output file is already uptodate.

<../icon/halfilledratingstar-eps-converted-to.pdf, id=23, 16.06pt x 17.06375pt>
File: ../icon/halfilledratingstar-eps-converted-to.pdf Graphic file (type pdf)
<use ../icon/halfilledratingstar-eps-converted-to.pdf>
Package pdftex.def Info: ../icon/halfilledratingstar-eps-converted-to.pdf used 
on input line 269.
(pdftex.def)             Requested size: 10.24013pt x 10.88013pt.
Package epstopdf Info: Source file: <../icon/starempty.eps>
(epstopdf)                    date: 2016-10-25 17:15:12
(epstopdf)                    size: 3463 bytes
(epstopdf)             Output file: <../icon/starempty-eps-converted-to.pdf>
(epstopdf)                    date: 2016-10-25 17:15:14
(epstopdf)                    size: 2956 bytes
(epstopdf)             Command: <repstopdf --outfile=../icon/starempty-eps-conv
erted-to.pdf ../icon/starempty.eps>
(epstopdf)             \includegraphics on input line 269.
Package epstopdf Info: Output file is already uptodate.
File: ../icon/starempty-eps-converted-to.pdf Graphic file (type pdf)

<use ../icon/starempty-eps-converted-to.pdf>
Package pdftex.def Info: ../icon/starempty-eps-converted-to.pdf used on input l
ine 269.
(pdftex.def)             Requested size: 10.8799pt x 10.8799pt.
Package epstopdf Info: Source file: <../icon/starempty.eps>
(epstopdf)                    date: 2016-10-25 17:15:12
(epstopdf)                    size: 3463 bytes
(epstopdf)             Output file: <../icon/starempty-eps-converted-to.pdf>
(epstopdf)                    date: 2016-10-25 17:15:14
(epstopdf)                    size: 2956 bytes
(epstopdf)             Command: <repstopdf --outfile=../icon/starempty-eps-conv
erted-to.pdf ../icon/starempty.eps>
(epstopdf)             \includegraphics on input line 269.
Package epstopdf Info: Output file is already uptodate.
File: ../icon/starempty-eps-converted-to.pdf Graphic file (type pdf)

<use ../icon/starempty-eps-converted-to.pdf>
Package pdftex.def Info: ../icon/starempty-eps-converted-to.pdf used on input l
ine 269.
(pdftex.def)             Requested size: 10.8799pt x 10.8799pt.
Package epstopdf Info: Source file: <../icon/starempty.eps>
(epstopdf)                    date: 2016-10-25 17:15:12
(epstopdf)                    size: 3463 bytes
(epstopdf)             Output file: <../icon/starempty-eps-converted-to.pdf>
(epstopdf)                    date: 2016-10-25 17:15:14
(epstopdf)                    size: 2956 bytes
(epstopdf)             Command: <repstopdf --outfile=../icon/starempty-eps-conv
erted-to.pdf ../icon/starempty.eps>
(epstopdf)             \includegraphics on input line 269.
Package epstopdf Info: Output file is already uptodate.
File: ../icon/starempty-eps-converted-to.pdf Graphic file (type pdf)

<use ../icon/starempty-eps-converted-to.pdf>
Package pdftex.def Info: ../icon/starempty-eps-converted-to.pdf used on input l
ine 269.
(pdftex.def)             Requested size: 10.8799pt x 10.8799pt.
Package epstopdf Info: Source file: <../icon/starempty.eps>
(epstopdf)                    date: 2016-10-25 17:15:12
(epstopdf)                    size: 3463 bytes
(epstopdf)             Output file: <../icon/starempty-eps-converted-to.pdf>
(epstopdf)                    date: 2016-10-25 17:15:14
(epstopdf)                    size: 2956 bytes
(epstopdf)             Command: <repstopdf --outfile=../icon/starempty-eps-conv
erted-to.pdf ../icon/starempty.eps>
(epstopdf)             \includegraphics on input line 269.
Package epstopdf Info: Output file is already uptodate.
File: ../icon/starempty-eps-converted-to.pdf Graphic file (type pdf)

<use ../icon/starempty-eps-converted-to.pdf>
Package pdftex.def Info: ../icon/starempty-eps-converted-to.pdf used on input l
ine 269.
(pdftex.def)             Requested size: 10.8799pt x 10.8799pt.
 [1
Non-PDF special ignored!
Non-PDF special ignored!
Non-PDF special ignored!
Non-PDF special ignored!
Non-PDF special ignored!



Non-PDF special ignored!
Non-PDF special ignored!
Non-PDF special ignored!
Non-PDF special ignored!

{/var/lib/texmf/fonts/map/pdftex/updmap/pdftex.map} <../icon/telephoneauricular
icon-eps-converted-to.pdf> <../icon/envelope-eps-converted-to.pdf> <../icon/loc
ationplaceholder-eps-converted-to.pdf> <../icon/target2-eps-converted-to.pdf> <
../icon/favoritesbutton-eps-converted-to.pdf> <../icon/calendar-eps-converted-t
o.pdf> <../icon/medal-eps-converted-to.pdf> <../icon/venturekick.jpeg> <../icon
/starfullfilled-eps-converted-to.pdf> <../icon/starempty-eps-converted-to.pdf> 
<../icon/halfilledratingstar-eps-converted-to.pdf>]
Package atveryend Info: Empty hook `BeforeClearDocument' on input line 278.
Package atveryend Info: Empty hook `AfterLastShipout' on input line 278.

(./cv-oday-darwich-fr.aux)
Package atveryend Info: Executing hook `AtVeryEndDocument' on input line 278.
Package atveryend Info: Executing hook `AtEndAfterFileList' on input line 278.


Package rerunfilecheck Warning: File `cv-oday-darwich-fr.out' has changed.
(rerunfilecheck)                Rerun to get outlines right
(rerunfilecheck)                or use package `bookmark'.

Package rerunfilecheck Info: Checksums for `cv-oday-darwich-fr.out':
(rerunfilecheck)             Before: <no file>
(rerunfilecheck)             After:  D41D8CD98F00B204E9800998ECF8427E;0.
Package atveryend Info: Empty hook `AtVeryVeryEnd' on input line 278.
 ) 
Here is how much of TeX's memory you used:
 25424 strings out of 493029
 436039 string characters out of 6136234
 673058 words of memory out of 5000000
 28419 multiletter control sequences out of 15000+600000
 26766 words of font info for 75 fonts, out of 8000000 for 9000
 1141 hyphenation exceptions out of 8191
 59i,22n,61p,917b,1143s stack positions out of 5000i,500n,10000p,200000b,80000s
{/usr/share/texmf/fonts/enc/dvips/cm-super/cm-super-t1.enc}{/usr/share/texliv
e/texmf-dist/fonts/enc/dvips/fontawesome/fontawesomethree.enc}</usr/share/texli
ve/texmf-dist/fonts/type1/public/fontawesome/FontAwesome.pfb></usr/share/texliv
e/texmf-dist/fonts/type1/public/amsfonts/cm/cmmi10.pfb></usr/share/texmf/fonts/
type1/public/cm-super/sfbx0800.pfb></usr/share/texmf/fonts/type1/public/cm-supe
r/sfbx1000.pfb></usr/share/texmf/fonts/type1/public/cm-super/sfbx1200.pfb></usr
/share/texmf/fonts/type1/public/cm-super/sfrm0800.pfb></usr/share/texmf/fonts/t
ype1/public/cm-super/sfrm1000.pfb></usr/share/texmf/fonts/type1/public/cm-super
/sfrm1095.pfb></usr/share/texmf/fonts/type1/public/cm-super/sfrm1200.pfb></usr/
share/texmf/fonts/type1/public/cm-super/sfti1000.pfb></usr/share/texmf/fonts/ty
pe1/public/cm-super/sftt1000.pfb></usr/share/texmf/fonts/type1/public/cm-super/
sftt1200.pfb></usr/share/texmf/fonts/type1/public/cm-super/sfxc1440.pfb></usr/s
hare/texmf/fonts/type1/public/cm-super/sfxc2074.pfb>
Output written on cv-oday-darwich-fr.pdf (1 page, 300116 bytes).
PDF statistics:
 121 PDF objects out of 1000 (max. 8388607)
 89 compressed objects within 1 object stream
 6 named destinations out of 1000 (max. 500000)
 56 words of extra memory for PDF output out of 10000 (max. 10000000)

